23:31:26,543 (main) DEBUG [DataNucleus.General] - Using PluginRegistry org.datanucleus.plugin.NonManagedPluginRegistry
23:31:26,669 (main) DEBUG [DataNucleus.General] - Registering bundle org.datanucleus.api.jdo version 5.1.7 at URL file:/C:/Users/Jhonatan/superandes/lib/datanucleus-api-jdo-5.1.7.jar.
23:31:26,721 (main) DEBUG [DataNucleus.General] - Leyendo extension-points y extensiones del archivo de plug-in jar:file:/C:/Users/Jhonatan/superandes/lib/datanucleus-api-jdo-5.1.7.jar!/plugin.xml.
23:31:26,732 (main) DEBUG [DataNucleus.General] - Registering bundle org.datanucleus version 5.1.10 at URL file:/C:/Users/Jhonatan/superandes/lib/datanucleus-core-5.1.10.jar.
23:31:26,737 (main) DEBUG [DataNucleus.General] - Leyendo extension-points y extensiones del archivo de plug-in jar:file:/C:/Users/Jhonatan/superandes/lib/datanucleus-core-5.1.10.jar!/plugin.xml.
23:31:26,747 (main) DEBUG [DataNucleus.General] - Registering bundle org.datanucleus.store.rdbms version 5.1.10 at URL file:/C:/Users/Jhonatan/superandes/lib/datanucleus-rdbms-5.1.10.jar.
23:31:26,760 (main) DEBUG [DataNucleus.General] - Leyendo extension-points y extensiones del archivo de plug-in jar:file:/C:/Users/Jhonatan/superandes/lib/datanucleus-rdbms-5.1.10.jar!/plugin.xml.
23:31:26,812 (main) DEBUG [DataNucleus.MetaData] - Analizando el MetaData "file:/C:/Users/Jhonatan/superandes/bin/META-INF/persistence.xml" con handler "persistence" (validar="false")
23:31:26,866 (main) DEBUG [DataNucleus.Persistence] - Tipos de Java inicializando ...
23:31:26,973 (main) DEBUG [DataNucleus.Persistence] - Soporte para tipos de Java listo : tipos soportados = [B, [C, [D, [F, [I, [J, [Ljava.lang.Boolean;, [Ljava.lang.Byte;, [Ljava.lang.Character;, [Ljava.lang.Double;, [Ljava.lang.Enum;, [Ljava.lang.Float;, [Ljava.lang.Integer;, [Ljava.lang.Long;, [Ljava.lang.Number;, [Ljava.lang.Object;, [Ljava.lang.Short;, [Ljava.lang.String;, [Ljava.math.BigDecimal;, [Ljava.math.BigInteger;, [Ljava.util.Date;, [Ljava.util.Locale;, [S, [Z, boolean, byte, char, double, float, int, java.awt.Color, java.awt.image.BufferedImage, java.lang.Boolean, java.lang.Byte, java.lang.Character, java.lang.Class, java.lang.Double, java.lang.Enum, java.lang.Float, java.lang.Integer, java.lang.Long, java.lang.Number, java.lang.Short, java.lang.String, java.lang.StringBuffer, java.lang.StringBuilder, java.math.BigDecimal, java.math.BigInteger, java.net.URI, java.net.URL, java.sql.Date, java.sql.Time, java.sql.Timestamp, java.time.Duration, java.time.Instant, java.time.LocalDate, java.time.LocalDateTime, java.time.LocalTime, java.time.MonthDay, java.time.OffsetDateTime, java.time.OffsetTime, java.time.Period, java.time.Year, java.time.YearMonth, java.time.ZonedDateTime, java.time.ZoneId, java.time.ZoneOffset, java.util.ArrayList, java.util.Arrays$ArrayList, java.util.BitSet, java.util.Calendar, java.util.Collection, java.util.Currency, java.util.Date, java.util.GregorianCalendar, java.util.HashMap, java.util.HashSet, java.util.Hashtable, java.util.LinkedHashMap, java.util.LinkedHashSet, java.util.LinkedList, java.util.List, java.util.Locale, java.util.Map, java.util.Optional, java.util.PriorityQueue, java.util.Properties, java.util.Queue, java.util.Set, java.util.SortedMap, java.util.SortedSet, java.util.Stack, java.util.TimeZone, java.util.TreeMap, java.util.TreeSet, java.util.UUID, java.util.Vector, long, short
23:31:26,974 (main) DEBUG [DataNucleus.Persistence] - Inicializando TypeConverters ...
23:31:27,013 (main) DEBUG [DataNucleus.Persistence] - TypeConverters listo
23:31:27,014 (main) DEBUG [DataNucleus.Persistence] - TypeConverter(s) available for byte[] to : java.nio.ByteBuffer
23:31:27,014 (main) DEBUG [DataNucleus.Persistence] - TypeConverter(s) available for char[] to : java.nio.ByteBuffer
23:31:27,014 (main) DEBUG [DataNucleus.Persistence] - TypeConverter(s) available for double[] to : java.nio.ByteBuffer
23:31:27,014 (main) DEBUG [DataNucleus.Persistence] - TypeConverter(s) available for float[] to : java.nio.ByteBuffer
23:31:27,014 (main) DEBUG [DataNucleus.Persistence] - TypeConverter(s) available for int[] to : java.nio.ByteBuffer
23:31:27,014 (main) DEBUG [DataNucleus.Persistence] - TypeConverter(s) available for long[] to : java.nio.ByteBuffer
23:31:27,014 (main) DEBUG [DataNucleus.Persistence] - TypeConverter(s) available for [Ljava.math.BigDecimal; to : java.nio.ByteBuffer
23:31:27,014 (main) DEBUG [DataNucleus.Persistence] - TypeConverter(s) available for [Ljava.math.BigInteger; to : java.nio.ByteBuffer
23:31:27,014 (main) DEBUG [DataNucleus.Persistence] - TypeConverter(s) available for short[] to : java.nio.ByteBuffer
23:31:27,014 (main) DEBUG [DataNucleus.Persistence] - TypeConverter(s) available for boolean[] to : java.nio.ByteBuffer
23:31:27,014 (main) DEBUG [DataNucleus.Persistence] - TypeConverter(s) available for java.awt.Color to : java.lang.String,int[]
23:31:27,014 (main) DEBUG [DataNucleus.Persistence] - TypeConverter(s) available for java.awt.image.BufferedImage to : java.nio.ByteBuffer,byte[]
23:31:27,015 (main) DEBUG [DataNucleus.Persistence] - TypeConverter(s) available for java.io.Serializable to : java.lang.String,java.nio.ByteBuffer,byte[]
23:31:27,015 (main) DEBUG [DataNucleus.Persistence] - TypeConverter(s) available for java.lang.Boolean to : java.lang.Integer,java.lang.Character
23:31:27,015 (main) DEBUG [DataNucleus.Persistence] - TypeConverter(s) available for java.lang.Character to : java.lang.String
23:31:27,015 (main) DEBUG [DataNucleus.Persistence] - TypeConverter(s) available for java.lang.Class to : java.lang.String
23:31:27,015 (main) DEBUG [DataNucleus.Persistence] - TypeConverter(s) available for java.lang.Integer to : java.lang.String
23:31:27,015 (main) DEBUG [DataNucleus.Persistence] - TypeConverter(s) available for java.lang.Long to : java.lang.String
23:31:27,015 (main) DEBUG [DataNucleus.Persistence] - TypeConverter(s) available for java.lang.StringBuffer to : java.lang.String
23:31:27,015 (main) DEBUG [DataNucleus.Persistence] - TypeConverter(s) available for java.lang.StringBuilder to : java.lang.String
23:31:27,015 (main) DEBUG [DataNucleus.Persistence] - TypeConverter(s) available for java.math.BigDecimal to : java.lang.String,java.lang.Double
23:31:27,015 (main) DEBUG [DataNucleus.Persistence] - TypeConverter(s) available for java.math.BigInteger to : java.lang.Long,java.lang.String
23:31:27,015 (main) DEBUG [DataNucleus.Persistence] - TypeConverter(s) available for java.net.URI to : java.lang.String
23:31:27,015 (main) DEBUG [DataNucleus.Persistence] - TypeConverter(s) available for java.net.URL to : java.lang.String
23:31:27,015 (main) DEBUG [DataNucleus.Persistence] - TypeConverter(s) available for java.sql.Date to : java.lang.Long,java.lang.String,java.util.Date
23:31:27,015 (main) DEBUG [DataNucleus.Persistence] - TypeConverter(s) available for java.sql.Time to : java.lang.Long,java.lang.String,java.util.Date
23:31:27,015 (main) DEBUG [DataNucleus.Persistence] - TypeConverter(s) available for java.sql.Timestamp to : java.lang.Long,java.lang.String,java.util.Date
23:31:27,016 (main) DEBUG [DataNucleus.Persistence] - TypeConverter(s) available for java.time.Duration to : java.lang.Long,java.lang.String,java.lang.Double
23:31:27,016 (main) DEBUG [DataNucleus.Persistence] - TypeConverter(s) available for java.time.Instant to : java.sql.Timestamp,java.lang.Long,java.lang.String,java.util.Date
23:31:27,016 (main) DEBUG [DataNucleus.Persistence] - TypeConverter(s) available for java.time.LocalDate to : java.lang.String,java.sql.Date,java.util.Date
23:31:27,016 (main) DEBUG [DataNucleus.Persistence] - TypeConverter(s) available for java.time.LocalDateTime to : java.sql.Timestamp,java.lang.String,java.util.Date
23:31:27,016 (main) DEBUG [DataNucleus.Persistence] - TypeConverter(s) available for java.time.LocalTime to : java.lang.Long,java.lang.String,java.sql.Time,java.util.Date
23:31:27,016 (main) DEBUG [DataNucleus.Persistence] - TypeConverter(s) available for java.time.MonthDay to : java.lang.String,java.sql.Date,int[],java.util.Date
23:31:27,016 (main) DEBUG [DataNucleus.Persistence] - TypeConverter(s) available for java.time.OffsetDateTime to : java.sql.Timestamp,java.lang.String,java.util.Date
23:31:27,016 (main) DEBUG [DataNucleus.Persistence] - TypeConverter(s) available for java.time.OffsetTime to : java.lang.Long,java.lang.String,java.sql.Time
23:31:27,016 (main) DEBUG [DataNucleus.Persistence] - TypeConverter(s) available for java.time.Period to : java.lang.String,int[]
23:31:27,016 (main) DEBUG [DataNucleus.Persistence] - TypeConverter(s) available for java.time.Year to : java.lang.Integer,java.lang.String
23:31:27,016 (main) DEBUG [DataNucleus.Persistence] - TypeConverter(s) available for java.time.YearMonth to : java.lang.String,java.sql.Date,int[],java.util.Date
23:31:27,016 (main) DEBUG [DataNucleus.Persistence] - TypeConverter(s) available for java.time.ZonedDateTime to : java.sql.Timestamp,java.lang.String
23:31:27,017 (main) DEBUG [DataNucleus.Persistence] - TypeConverter(s) available for java.time.ZoneId to : java.lang.String
23:31:27,017 (main) DEBUG [DataNucleus.Persistence] - TypeConverter(s) available for java.time.ZoneOffset to : java.lang.String
23:31:27,017 (main) DEBUG [DataNucleus.Persistence] - TypeConverter(s) available for java.util.BitSet to : java.lang.String
23:31:27,017 (main) DEBUG [DataNucleus.Persistence] - TypeConverter(s) available for java.util.Calendar to : [Ljava.lang.Object;,java.sql.Timestamp,java.lang.String,java.util.Date
23:31:27,017 (main) DEBUG [DataNucleus.Persistence] - TypeConverter(s) available for java.util.Currency to : java.lang.String
23:31:27,017 (main) DEBUG [DataNucleus.Persistence] - TypeConverter(s) available for java.util.Date to : java.lang.Long,java.lang.String
23:31:27,017 (main) DEBUG [DataNucleus.Persistence] - TypeConverter(s) available for java.util.Locale to : java.lang.String
23:31:27,017 (main) DEBUG [DataNucleus.Persistence] - TypeConverter(s) available for java.util.TimeZone to : java.lang.String
23:31:27,017 (main) DEBUG [DataNucleus.Persistence] - TypeConverter(s) available for java.util.UUID to : java.lang.String
23:31:27,018 (main) DEBUG [DataNucleus.MetaData] - MetaDataManager : Input=(XML,Annotations), XML-Validation=false, XML-Suffices=(persistence=*.jdo, orm=orm, query=*.jdoquery) mapping-name=oracle, JDO-listener=false
23:31:27,018 (main) DEBUG [DataNucleus.MetaData] - MetaData Management : Carga de Metadata del persistence-unit "SuperAndes" ...
23:31:27,018 (main) DEBUG [DataNucleus.MetaData] - MetaData Management : Carga de Metadata ya ha terminado
23:31:27,022 (main) DEBUG [DataNucleus.Datastore] - Creating StoreManager for datastore
23:31:27,832 (main) DEBUG [DataNucleus.Connection] - Creado ConnectionPool "tx" con data source de tipo dbcp2-builtin
23:31:27,833 (main) DEBUG [DataNucleus.Connection] - Registrado la factoria de connecciones transaccionales bajo el nombre "rdbms/tx"
23:31:27,833 (main) DEBUG [DataNucleus.Connection] - Registrado la factoria de connecciones nontransaccionales bajo el nombre "rdbms/nontx"
23:31:27,858 (main) DEBUG [DataNucleus.Connection] - Creado ConnectionPool "nontx" con data source de tipo dbcp2-builtin
23:31:30,329 (main) DEBUG [DataNucleus.Connection] - ManagedConnection ABIERTO : "org.datanucleus.store.rdbms.ConnectionFactoryImpl$ManagedConnectionImpl@63376bed [conn=null, commitOnRelease=true, closeOnRelease=true, closeOnTxnEnd=true]" en resource "nontx"
23:31:30,783 (main) DEBUG [DataNucleus.Datastore] - No Soportando el tipo RDBMS de Java java.lang.Boolean, jdbc-type=BOOLEAN
23:31:30,783 (main) DEBUG [DataNucleus.Datastore] - Soporte de RDBMS configurado para el tipo "[B" con jdbc-types=[BLOB, VARBINARY, LONGVARBINARY], sql-types=[BLOB, VARBINARY, LONGVARBINARY] y defecto (jdbc-type=BLOB, sql-type=BLOB)
23:31:30,784 (main) DEBUG [DataNucleus.Datastore] - Soporte de RDBMS configurado para el tipo "java.io.File" con jdbc-types=[LONGVARBINARY], sql-types=[LONGVARBINARY] y defecto (jdbc-type=LONGVARBINARY, sql-type=LONGVARBINARY)
23:31:30,784 (main) DEBUG [DataNucleus.Datastore] - Soporte de RDBMS configurado para el tipo "java.io.Serializable" con jdbc-types=[BLOB, VARBINARY, LONGVARBINARY], sql-types=[BLOB, VARBINARY, LONGVARBINARY] y defecto (jdbc-type=BLOB, sql-type=BLOB)
23:31:30,784 (main) DEBUG [DataNucleus.Datastore] - Soporte de RDBMS configurado para el tipo "java.lang.Boolean" con jdbc-types=[NUMERIC, SMALLINT, CHAR, BIT, TINYINT], sql-types=[NUMERIC, SMALLINT, CHAR, BIT, TINYINT] y defecto (jdbc-type=NUMERIC, sql-type=NUMERIC)
23:31:30,784 (main) DEBUG [DataNucleus.Datastore] - Soporte de RDBMS configurado para el tipo "java.lang.Byte" con jdbc-types=[NUMERIC, SMALLINT, TINYINT], sql-types=[NUMERIC, SMALLINT, TINYINT] y defecto (jdbc-type=NUMERIC, sql-type=NUMERIC)
23:31:30,784 (main) DEBUG [DataNucleus.Datastore] - Soporte de RDBMS configurado para el tipo "java.lang.Character" con jdbc-types=[NUMERIC, CHAR, INTEGER], sql-types=[NUMERIC, CHAR, INTEGER] y defecto (jdbc-type=CHAR, sql-type=CHAR)
23:31:30,784 (main) DEBUG [DataNucleus.Datastore] - Soporte de RDBMS configurado para el tipo "java.lang.Double" con jdbc-types=[FLOAT, NUMERIC, DECIMAL, DOUBLE], sql-types=[FLOAT, NUMBER, DECIMAL, DOUBLE] y defecto (jdbc-type=FLOAT, sql-type=FLOAT)
23:31:30,784 (main) DEBUG [DataNucleus.Datastore] - Soporte de RDBMS configurado para el tipo "java.lang.Float" con jdbc-types=[FLOAT, NUMERIC, REAL, DECIMAL, DOUBLE], sql-types=[FLOAT, NUMBER, REAL, DECIMAL, DOUBLE] y defecto (jdbc-type=FLOAT, sql-type=FLOAT)
23:31:30,784 (main) DEBUG [DataNucleus.Datastore] - Soporte de RDBMS configurado para el tipo "java.lang.Integer" con jdbc-types=[NUMERIC, SMALLINT, BIGINT, TINYINT, INTEGER], sql-types=[NUMERIC, NUMBER, SMALLINT, BIGINT, TINYINT, INTEGER] y defecto (jdbc-type=NUMERIC, sql-type=NUMERIC)
23:31:30,784 (main) DEBUG [DataNucleus.Datastore] - Soporte de RDBMS configurado para el tipo "java.lang.Long" con jdbc-types=[NUMERIC, SMALLINT, BIGINT, TINYINT, INTEGER], sql-types=[NUMERIC, NUMBER, SMALLINT, BIGINT, INT, TINYINT] y defecto (jdbc-type=NUMERIC, sql-type=NUMERIC)
23:31:30,784 (main) DEBUG [DataNucleus.Datastore] - Soporte de RDBMS configurado para el tipo "java.lang.Short" con jdbc-types=[NUMERIC, SMALLINT, TINYINT, INTEGER], sql-types=[NUMERIC, NUMBER, SMALLINT, TINYINT, INTEGER] y defecto (jdbc-type=NUMERIC, sql-type=NUMERIC)
23:31:30,785 (main) DEBUG [DataNucleus.Datastore] - Soporte de RDBMS configurado para el tipo "java.lang.String" con jdbc-types=[XMLTYPE, BLOB, LONGVARCHAR, CLOB, VARCHAR, CHAR, BIGINT, NVARCHAR, NCHAR], sql-types=[NVARCHAR2, XMLTYPE, BLOB, LONGVARCHAR, CLOB, VARCHAR, CHAR, BIGINT, NVARCHAR, NCHAR] y defecto (jdbc-type=VARCHAR, sql-type=VARCHAR)
23:31:30,785 (main) DEBUG [DataNucleus.Datastore] - Soporte de RDBMS configurado para el tipo "java.math.BigDecimal" con jdbc-types=[NUMERIC, DECIMAL], sql-types=[NUMERIC, NUMBER, DECIMAL] y defecto (jdbc-type=NUMERIC, sql-type=NUMERIC)
23:31:30,785 (main) DEBUG [DataNucleus.Datastore] - Soporte de RDBMS configurado para el tipo "java.math.BigInteger" con jdbc-types=[NUMERIC], sql-types=[NUMERIC, NUMBER] y defecto (jdbc-type=NUMERIC, sql-type=NUMERIC)
23:31:30,785 (main) DEBUG [DataNucleus.Datastore] - Soporte de RDBMS configurado para el tipo "java.sql.Date" con jdbc-types=[DATE, TIMESTAMP, VARCHAR, CHAR, BIGINT], sql-types=[DATE, TIMESTAMP, VARCHAR, CHAR, BIGINT] y defecto (jdbc-type=DATE, sql-type=DATE)
23:31:30,785 (main) DEBUG [DataNucleus.Datastore] - Soporte de RDBMS configurado para el tipo "java.sql.Time" con jdbc-types=[TIMESTAMP, VARCHAR, CHAR, TIME, BIGINT], sql-types=[TIMESTAMP, VARCHAR, CHAR, TIME, BIGINT] y defecto (jdbc-type=TIME, sql-type=TIME)
23:31:30,785 (main) DEBUG [DataNucleus.Datastore] - Soporte de RDBMS configurado para el tipo "java.sql.Timestamp" con jdbc-types=[DATE, TIMESTAMP, VARCHAR, CHAR, TIME], sql-types=[DATE, TIMESTAMP, VARCHAR, CHAR, TIME] y defecto (jdbc-type=TIMESTAMP, sql-type=TIMESTAMP)
23:31:30,785 (main) DEBUG [DataNucleus.Datastore] - Soporte de RDBMS configurado para el tipo "java.util.Date" con jdbc-types=[DATE, TIMESTAMP, VARCHAR, CHAR, TIME, BIGINT], sql-types=[DATE, TIMESTAMP, VARCHAR, CHAR, TIME, BIGINT] y defecto (jdbc-type=TIMESTAMP, sql-type=TIMESTAMP)
23:31:30,785 (main) DEBUG [DataNucleus.Datastore] - Soporte de RDBMS configurado para el tipo "org.datanucleus.identity.DatastoreId" con jdbc-types=[NUMERIC, VARCHAR, CHAR, BIGINT, INTEGER], sql-types=[NUMERIC, VARCHAR, CHAR, BIGINT, INTEGER] y defecto (jdbc-type=NUMERIC, sql-type=NUMERIC)
23:31:30,820 (main) DEBUG [DataNucleus.Datastore] - ======================= Datastore =========================
23:31:30,820 (main) DEBUG [DataNucleus.Datastore] - StoreManager : "rdbms" (org.datanucleus.store.rdbms.RDBMSStoreManager)
23:31:30,820 (main) DEBUG [DataNucleus.Datastore] - Datastore : read-write
23:31:30,820 (main) DEBUG [DataNucleus.Datastore] - Schema Control : AutoCreate(None), Validate(None)
23:31:30,820 (main) DEBUG [DataNucleus.Datastore] - Schema : NamingFactory=datanucleus2 identifierCase=null
23:31:30,820 (main) DEBUG [DataNucleus.Datastore] - Query Languages : JDOQL, JPQL, STOREDPROC, SQL
23:31:30,820 (main) DEBUG [DataNucleus.Datastore] - Queries : Timeout=0
23:31:30,821 (main) DEBUG [DataNucleus.Datastore] - ===========================================================
23:31:30,821 (main) DEBUG [DataNucleus.Datastore] - Datastore Adapter : org.datanucleus.store.rdbms.adapter.OracleAdapter
23:31:30,821 (main) DEBUG [DataNucleus.Datastore] - Datastore : name="Oracle" version="Oracle Database 12c Enterprise Edition Release 12.1.0.2.0 - 64bit Production
With the Partitioning, OLAP, Advanced Analytics and Real Application Testing options"
23:31:30,821 (main) DEBUG [DataNucleus.Datastore] - Datastore Driver : name="Oracle JDBC driver" version="12.2.0.1.0"
23:31:30,821 (main) DEBUG [DataNucleus.Datastore] - Primary Connection Factory : URL[jdbc:oracle:thin:@fn3.oracle.virtual.uniandes.edu.co:1521:prod]
23:31:30,821 (main) DEBUG [DataNucleus.Datastore] - Secondary Connection Factory : URL[jdbc:oracle:thin:@fn3.oracle.virtual.uniandes.edu.co:1521:prod]
23:31:30,821 (main) DEBUG [DataNucleus.Datastore] - Datastore Identifiers : factory="datanucleus2" case=UPPERCASE schema=ISIS2304B021820
23:31:30,821 (main) DEBUG [DataNucleus.Datastore] - Supported Identifier Cases : "MixedCase" UPPERCASE "MixedCase-Sensitive" 
23:31:30,822 (main) DEBUG [DataNucleus.Datastore] - Supported Identifier Lengths (max) : Table=30 Column=30 Constraint=30 Index=30 Delimiter="
23:31:30,823 (main) DEBUG [DataNucleus.Datastore] - Support for Identifiers in DDL : catalog=false schema=true
23:31:30,823 (main) DEBUG [DataNucleus.Datastore] - Datastore : checkTableViewExistence, rdbmsConstraintCreateMode=DataNucleus, initialiseColumnInfo=ALL
23:31:30,823 (main) DEBUG [DataNucleus.Datastore] - Support Statement Batching : yes (max-batch-size=50)
23:31:30,823 (main) DEBUG [DataNucleus.Datastore] - Queries : Results direction=forward, type=forward-only, concurrency=read-only
23:31:30,823 (main) DEBUG [DataNucleus.Datastore] - Java-Types : string-default-length=255
23:31:30,823 (main) DEBUG [DataNucleus.Datastore] - JDBC-Types : NCLOB, NCHAR, [id=2007], REF, CLOB, BLOB, ARRAY, STRUCT, DATE, TIME, TIMESTAMP, VARCHAR, LONGVARCHAR, VARBINARY, LONGVARBINARY, BIGINT, TINYINT, BIT, NVARCHAR, [id=-101], CHAR, [id=-103], NUMERIC, [id=-102], DECIMAL, INTEGER, SMALLINT, FLOAT, REAL, DOUBLE, [id=-104]
23:31:30,823 (main) DEBUG [DataNucleus.Datastore] - ===========================================================
23:31:30,823 (main) DEBUG [DataNucleus.Connection] - ManagedConnection CERRADO : "org.datanucleus.store.rdbms.ConnectionFactoryImpl$ManagedConnectionImpl@63376bed [conn=org.datanucleus.store.rdbms.datasource.dbcp2.PoolingDataSource$PoolGuardConnectionWrapper@6b6776cb, commitOnRelease=true, closeOnRelease=true, closeOnTxnEnd=true]" 
23:31:30,824 (main) DEBUG [DataNucleus.Datastore] - StoreManager now created
23:31:30,828 (main) DEBUG [DataNucleus.Persistence] - Started pool of ExecutionContext (maxPool=20, reaperThread=false)
23:31:30,856 (main) DEBUG [DataNucleus.Persistence] - ================= NucleusContext ===============
23:31:30,856 (main) DEBUG [DataNucleus.Persistence] - DataNucleus Context : Versión: "5.1.10" con JRE "1.8.0_161" en "Windows 8.1"
23:31:30,856 (main) DEBUG [DataNucleus.Persistence] - Persistence API : JDO
23:31:30,856 (main) DEBUG [DataNucleus.Persistence] - Persistence-Unit : SuperAndes
23:31:30,856 (main) DEBUG [DataNucleus.Persistence] - Plugin Registry : org.datanucleus.plugin.NonManagedPluginRegistry
23:31:30,856 (main) DEBUG [DataNucleus.Persistence] - ClassLoading : default
23:31:30,856 (main) DEBUG [DataNucleus.Persistence] - Persistence : pm-singlethreaded, nontransactional-read, nontransactional-write, reachability-at-commit, copy-on-attach, managed-relations(checked), deletion-policy=JDO2, serverTimeZone=America/Bogota
23:31:30,857 (main) DEBUG [DataNucleus.Persistence] - Transactions : type=RESOURCE_LOCAL, mode=datastore, isolation=read-committed
23:31:30,857 (main) DEBUG [DataNucleus.Persistence] - ValueGeneration : txn-isolation=read-committed connection=New
23:31:30,857 (main) DEBUG [DataNucleus.Persistence] - Cache : Level1 (soft), Level2 (soft, mode=UNSPECIFIED), QueryResults (soft), Collections/Maps 
23:31:30,857 (main) DEBUG [DataNucleus.Persistence] - ================================================
23:31:30,879 (main) DEBUG [DataNucleus.Persistence] - ExecutionContext "org.datanucleus.ExecutionContextImpl@1fd14d74" se abrió para la base de datos "org.datanucleus.store.rdbms.RDBMSStoreManager@563e4951" con transaccion="org.datanucleus.TransactionImpl@4066c471"
23:31:30,920 (main) DEBUG [DataNucleus.Query] - Query de SQL : "SELECT * FROM B_PROVEEDORSUCURSAL"
23:31:30,980 (main) DEBUG [DataNucleus.Connection] - ManagedConnection ABIERTO : "org.datanucleus.store.rdbms.ConnectionFactoryImpl$ManagedConnectionImpl@53251a66 [conn=org.datanucleus.store.rdbms.datasource.dbcp2.PoolingDataSource$PoolGuardConnectionWrapper@6853425f, commitOnRelease=true, closeOnRelease=true, closeOnTxnEnd=true]" en resource "nontx" con isolación "read-committed" y auto-commit=false
23:31:31,044 (main) DEBUG [DataNucleus.Datastore] - Utilizando PreparedStatement "oracle.jdbc.driver.OraclePreparedStatementWrapper@1869fbd2" para la conneccion "org.datanucleus.store.rdbms.datasource.dbcp2.PoolingDataSource$PoolGuardConnectionWrapper@6853425f"
23:31:31,056 (main) DEBUG [DataNucleus.Datastore.Native] - SELECT * FROM B_PROVEEDORSUCURSAL
23:31:31,101 (main) DEBUG [DataNucleus.Datastore] - Cerrando PreparedStatement "org.datanucleus.store.rdbms.ParamLoggingPreparedStatement@14fc1f0"
23:31:31,101 (main) DEBUG [DataNucleus.Connection] - ManagedConnection VA A COMMIT : "org.datanucleus.store.rdbms.ConnectionFactoryImpl$ManagedConnectionImpl@53251a66 [conn=org.datanucleus.store.rdbms.datasource.dbcp2.PoolingDataSource$PoolGuardConnectionWrapper@6853425f, commitOnRelease=true, closeOnRelease=true, closeOnTxnEnd=true]"
23:31:31,113 (main) DEBUG [DataNucleus.Connection] - ManagedConnection CERRADO : "org.datanucleus.store.rdbms.ConnectionFactoryImpl$ManagedConnectionImpl@53251a66 [conn=org.datanucleus.store.rdbms.datasource.dbcp2.PoolingDataSource$PoolGuardConnectionWrapper@6853425f, commitOnRelease=true, closeOnRelease=true, closeOnTxnEnd=true]" 
23:31:31,135 (main) DEBUG [DataNucleus.Persistence] - ExecutionContext "org.datanucleus.ExecutionContextImpl@56928307" se abrió para la base de datos "org.datanucleus.store.rdbms.RDBMSStoreManager@563e4951" con transaccion="org.datanucleus.TransactionImpl@3899782c"
23:31:31,138 (main) DEBUG [DataNucleus.Transaction] - Transaction created [DataNucleus Transaction, ID=-297282575-1, enlisted resources=[]]
23:31:31,138 (main) DEBUG [DataNucleus.Transaction] - Transacción empezada para el ExecutionContext org.datanucleus.ExecutionContextImpl@56928307 (optimistic=false)
23:31:31,166 (main) DEBUG [DataNucleus.Transaction] - Haciendo rollback de la transacción para el ExecutionContext org.datanucleus.ExecutionContextImpl@56928307
23:31:31,168 (main) DEBUG [DataNucleus.Transaction] - Rolling back [DataNucleus Transaction, ID=-297282575-1, enlisted resources=[]]
23:31:31,168 (main) DEBUG [DataNucleus.Transaction] - Transacción rolled back en 2 ms
23:31:31,168 (main) DEBUG [DataNucleus.Persistence] - ExecutionContext "org.datanucleus.ExecutionContextImpl@56928307" se cerró
23:31:31,169 (main) DEBUG [DataNucleus.Persistence] - ExecutionContext "org.datanucleus.ExecutionContextImpl@1fd14d74" se cerró
23:31:31,187 (main) DEBUG [DataNucleus.Connection] - Cerrando ConnectionPool "tx"
23:31:31,188 (main) DEBUG [DataNucleus.Connection] - Cerrando ConnectionPool "nontx"
23:31:31,204 (main) DEBUG [DataNucleus.Persistence] - Desmanejando la persistencia de todas las clases
23:31:31,205 (main) DEBUG [DataNucleus.Cache] - Cache de nivel 2 vaciada.
23:31:31,223 (main) DEBUG [DataNucleus.General] - Using PluginRegistry org.datanucleus.plugin.NonManagedPluginRegistry
23:31:31,226 (main) DEBUG [DataNucleus.General] - Registering bundle org.datanucleus.api.jdo version 5.1.7 at URL file:/C:/Users/Jhonatan/superandes/lib/datanucleus-api-jdo-5.1.7.jar.
23:31:31,231 (main) DEBUG [DataNucleus.General] - Leyendo extension-points y extensiones del archivo de plug-in jar:file:/C:/Users/Jhonatan/superandes/lib/datanucleus-api-jdo-5.1.7.jar!/plugin.xml.
23:31:31,238 (main) DEBUG [DataNucleus.General] - Registering bundle org.datanucleus version 5.1.10 at URL file:/C:/Users/Jhonatan/superandes/lib/datanucleus-core-5.1.10.jar.
23:31:31,240 (main) DEBUG [DataNucleus.General] - Leyendo extension-points y extensiones del archivo de plug-in jar:file:/C:/Users/Jhonatan/superandes/lib/datanucleus-core-5.1.10.jar!/plugin.xml.
23:31:31,246 (main) DEBUG [DataNucleus.General] - Registering bundle org.datanucleus.store.rdbms version 5.1.10 at URL file:/C:/Users/Jhonatan/superandes/lib/datanucleus-rdbms-5.1.10.jar.
23:31:31,249 (main) DEBUG [DataNucleus.General] - Leyendo extension-points y extensiones del archivo de plug-in jar:file:/C:/Users/Jhonatan/superandes/lib/datanucleus-rdbms-5.1.10.jar!/plugin.xml.
23:31:31,257 (main) DEBUG [DataNucleus.MetaData] - Analizando el MetaData "file:/C:/Users/Jhonatan/superandes/bin/META-INF/persistence.xml" con handler "persistence" (validar="false")
23:31:31,262 (main) DEBUG [DataNucleus.Persistence] - Tipos de Java inicializando ...
23:31:31,262 (main) DEBUG [DataNucleus.Persistence] - Soporte para tipos de Java listo : tipos soportados = [B, [C, [D, [F, [I, [J, [Ljava.lang.Boolean;, [Ljava.lang.Byte;, [Ljava.lang.Character;, [Ljava.lang.Double;, [Ljava.lang.Enum;, [Ljava.lang.Float;, [Ljava.lang.Integer;, [Ljava.lang.Long;, [Ljava.lang.Number;, [Ljava.lang.Object;, [Ljava.lang.Short;, [Ljava.lang.String;, [Ljava.math.BigDecimal;, [Ljava.math.BigInteger;, [Ljava.util.Date;, [Ljava.util.Locale;, [S, [Z, boolean, byte, char, double, float, int, java.awt.Color, java.awt.image.BufferedImage, java.lang.Boolean, java.lang.Byte, java.lang.Character, java.lang.Class, java.lang.Double, java.lang.Enum, java.lang.Float, java.lang.Integer, java.lang.Long, java.lang.Number, java.lang.Short, java.lang.String, java.lang.StringBuffer, java.lang.StringBuilder, java.math.BigDecimal, java.math.BigInteger, java.net.URI, java.net.URL, java.sql.Date, java.sql.Time, java.sql.Timestamp, java.time.Duration, java.time.Instant, java.time.LocalDate, java.time.LocalDateTime, java.time.LocalTime, java.time.MonthDay, java.time.OffsetDateTime, java.time.OffsetTime, java.time.Period, java.time.Year, java.time.YearMonth, java.time.ZonedDateTime, java.time.ZoneId, java.time.ZoneOffset, java.util.ArrayList, java.util.Arrays$ArrayList, java.util.BitSet, java.util.Calendar, java.util.Collection, java.util.Currency, java.util.Date, java.util.GregorianCalendar, java.util.HashMap, java.util.HashSet, java.util.Hashtable, java.util.LinkedHashMap, java.util.LinkedHashSet, java.util.LinkedList, java.util.List, java.util.Locale, java.util.Map, java.util.Optional, java.util.PriorityQueue, java.util.Properties, java.util.Queue, java.util.Set, java.util.SortedMap, java.util.SortedSet, java.util.Stack, java.util.TimeZone, java.util.TreeMap, java.util.TreeSet, java.util.UUID, java.util.Vector, long, short
23:31:31,262 (main) DEBUG [DataNucleus.Persistence] - Inicializando TypeConverters ...
23:31:31,263 (main) DEBUG [DataNucleus.Persistence] - TypeConverters listo
23:31:31,263 (main) DEBUG [DataNucleus.Persistence] - TypeConverter(s) available for byte[] to : java.nio.ByteBuffer
23:31:31,263 (main) DEBUG [DataNucleus.Persistence] - TypeConverter(s) available for char[] to : java.nio.ByteBuffer
23:31:31,263 (main) DEBUG [DataNucleus.Persistence] - TypeConverter(s) available for double[] to : java.nio.ByteBuffer
23:31:31,263 (main) DEBUG [DataNucleus.Persistence] - TypeConverter(s) available for float[] to : java.nio.ByteBuffer
23:31:31,263 (main) DEBUG [DataNucleus.Persistence] - TypeConverter(s) available for int[] to : java.nio.ByteBuffer
23:31:31,263 (main) DEBUG [DataNucleus.Persistence] - TypeConverter(s) available for long[] to : java.nio.ByteBuffer
23:31:31,263 (main) DEBUG [DataNucleus.Persistence] - TypeConverter(s) available for [Ljava.math.BigDecimal; to : java.nio.ByteBuffer
23:31:31,264 (main) DEBUG [DataNucleus.Persistence] - TypeConverter(s) available for [Ljava.math.BigInteger; to : java.nio.ByteBuffer
23:31:31,264 (main) DEBUG [DataNucleus.Persistence] - TypeConverter(s) available for short[] to : java.nio.ByteBuffer
23:31:31,264 (main) DEBUG [DataNucleus.Persistence] - TypeConverter(s) available for boolean[] to : java.nio.ByteBuffer
23:31:31,264 (main) DEBUG [DataNucleus.Persistence] - TypeConverter(s) available for java.awt.Color to : java.lang.String,int[]
23:31:31,264 (main) DEBUG [DataNucleus.Persistence] - TypeConverter(s) available for java.awt.image.BufferedImage to : java.nio.ByteBuffer,byte[]
23:31:31,264 (main) DEBUG [DataNucleus.Persistence] - TypeConverter(s) available for java.io.Serializable to : java.lang.String,java.nio.ByteBuffer,byte[]
23:31:31,264 (main) DEBUG [DataNucleus.Persistence] - TypeConverter(s) available for java.lang.Boolean to : java.lang.Integer,java.lang.Character
23:31:31,264 (main) DEBUG [DataNucleus.Persistence] - TypeConverter(s) available for java.lang.Character to : java.lang.String
23:31:31,264 (main) DEBUG [DataNucleus.Persistence] - TypeConverter(s) available for java.lang.Class to : java.lang.String
23:31:31,264 (main) DEBUG [DataNucleus.Persistence] - TypeConverter(s) available for java.lang.Integer to : java.lang.String
23:31:31,264 (main) DEBUG [DataNucleus.Persistence] - TypeConverter(s) available for java.lang.Long to : java.lang.String
23:31:31,264 (main) DEBUG [DataNucleus.Persistence] - TypeConverter(s) available for java.lang.StringBuffer to : java.lang.String
23:31:31,264 (main) DEBUG [DataNucleus.Persistence] - TypeConverter(s) available for java.lang.StringBuilder to : java.lang.String
23:31:31,264 (main) DEBUG [DataNucleus.Persistence] - TypeConverter(s) available for java.math.BigDecimal to : java.lang.String,java.lang.Double
23:31:31,264 (main) DEBUG [DataNucleus.Persistence] - TypeConverter(s) available for java.math.BigInteger to : java.lang.Long,java.lang.String
23:31:31,264 (main) DEBUG [DataNucleus.Persistence] - TypeConverter(s) available for java.net.URI to : java.lang.String
23:31:31,265 (main) DEBUG [DataNucleus.Persistence] - TypeConverter(s) available for java.net.URL to : java.lang.String
23:31:31,265 (main) DEBUG [DataNucleus.Persistence] - TypeConverter(s) available for java.sql.Date to : java.lang.Long,java.lang.String,java.util.Date
23:31:31,265 (main) DEBUG [DataNucleus.Persistence] - TypeConverter(s) available for java.sql.Time to : java.lang.Long,java.lang.String,java.util.Date
23:31:31,265 (main) DEBUG [DataNucleus.Persistence] - TypeConverter(s) available for java.sql.Timestamp to : java.lang.Long,java.lang.String,java.util.Date
23:31:31,265 (main) DEBUG [DataNucleus.Persistence] - TypeConverter(s) available for java.time.Duration to : java.lang.Long,java.lang.String,java.lang.Double
23:31:31,265 (main) DEBUG [DataNucleus.Persistence] - TypeConverter(s) available for java.time.Instant to : java.sql.Timestamp,java.lang.Long,java.lang.String,java.util.Date
23:31:31,265 (main) DEBUG [DataNucleus.Persistence] - TypeConverter(s) available for java.time.LocalDate to : java.lang.String,java.sql.Date,java.util.Date
23:31:31,265 (main) DEBUG [DataNucleus.Persistence] - TypeConverter(s) available for java.time.LocalDateTime to : java.sql.Timestamp,java.lang.String,java.util.Date
23:31:31,265 (main) DEBUG [DataNucleus.Persistence] - TypeConverter(s) available for java.time.LocalTime to : java.lang.Long,java.lang.String,java.sql.Time,java.util.Date
23:31:31,265 (main) DEBUG [DataNucleus.Persistence] - TypeConverter(s) available for java.time.MonthDay to : java.lang.String,java.sql.Date,int[],java.util.Date
23:31:31,265 (main) DEBUG [DataNucleus.Persistence] - TypeConverter(s) available for java.time.OffsetDateTime to : java.sql.Timestamp,java.lang.String,java.util.Date
23:31:31,265 (main) DEBUG [DataNucleus.Persistence] - TypeConverter(s) available for java.time.OffsetTime to : java.lang.Long,java.lang.String,java.sql.Time
23:31:31,265 (main) DEBUG [DataNucleus.Persistence] - TypeConverter(s) available for java.time.Period to : java.lang.String,int[]
23:31:31,265 (main) DEBUG [DataNucleus.Persistence] - TypeConverter(s) available for java.time.Year to : java.lang.Integer,java.lang.String
23:31:31,265 (main) DEBUG [DataNucleus.Persistence] - TypeConverter(s) available for java.time.YearMonth to : java.lang.String,java.sql.Date,int[],java.util.Date
23:31:31,266 (main) DEBUG [DataNucleus.Persistence] - TypeConverter(s) available for java.time.ZonedDateTime to : java.sql.Timestamp,java.lang.String
23:31:31,266 (main) DEBUG [DataNucleus.Persistence] - TypeConverter(s) available for java.time.ZoneId to : java.lang.String
23:31:31,266 (main) DEBUG [DataNucleus.Persistence] - TypeConverter(s) available for java.time.ZoneOffset to : java.lang.String
23:31:31,266 (main) DEBUG [DataNucleus.Persistence] - TypeConverter(s) available for java.util.BitSet to : java.lang.String
23:31:31,266 (main) DEBUG [DataNucleus.Persistence] - TypeConverter(s) available for java.util.Calendar to : [Ljava.lang.Object;,java.sql.Timestamp,java.lang.String,java.util.Date
23:31:31,266 (main) DEBUG [DataNucleus.Persistence] - TypeConverter(s) available for java.util.Currency to : java.lang.String
23:31:31,266 (main) DEBUG [DataNucleus.Persistence] - TypeConverter(s) available for java.util.Date to : java.lang.Long,java.lang.String
23:31:31,266 (main) DEBUG [DataNucleus.Persistence] - TypeConverter(s) available for java.util.Locale to : java.lang.String
23:31:31,266 (main) DEBUG [DataNucleus.Persistence] - TypeConverter(s) available for java.util.TimeZone to : java.lang.String
23:31:31,266 (main) DEBUG [DataNucleus.Persistence] - TypeConverter(s) available for java.util.UUID to : java.lang.String
23:31:31,266 (main) DEBUG [DataNucleus.MetaData] - MetaDataManager : Input=(XML,Annotations), XML-Validation=false, XML-Suffices=(persistence=*.jdo, orm=orm, query=*.jdoquery) mapping-name=oracle, JDO-listener=false
23:31:31,266 (main) DEBUG [DataNucleus.MetaData] - MetaData Management : Carga de Metadata del persistence-unit "SuperAndesErrorDS" ...
23:31:31,266 (main) DEBUG [DataNucleus.MetaData] - MetaData Management : Carga de Metadata ya ha terminado
23:31:31,267 (main) DEBUG [DataNucleus.Datastore] - Creating StoreManager for datastore
23:31:31,268 (main) DEBUG [DataNucleus.Connection] - Creado ConnectionPool "tx" con data source de tipo dbcp2-builtin
23:31:31,268 (main) DEBUG [DataNucleus.Connection] - Registrado la factoria de connecciones transaccionales bajo el nombre "rdbms/tx"
23:31:31,268 (main) DEBUG [DataNucleus.Connection] - Registrado la factoria de connecciones nontransaccionales bajo el nombre "rdbms/nontx"
23:31:31,269 (main) DEBUG [DataNucleus.Connection] - Creado ConnectionPool "nontx" con data source de tipo dbcp2-builtin
23:31:31,340 (main) ERROR [DataNucleus.Datastore.Schema] - La inicialización del base de datos ha fallado.
Listener refused the connection with the following error:
ORA-12505, TNS:listener does not currently know of SID given in connect descriptor
 
org.datanucleus.exceptions.NucleusDataStoreException: Listener refused the connection with the following error:
ORA-12505, TNS:listener does not currently know of SID given in connect descriptor
 
	at org.datanucleus.store.rdbms.ConnectionFactoryImpl$ManagedConnectionImpl.getConnection(ConnectionFactoryImpl.java:518)
	at org.datanucleus.store.rdbms.RDBMSStoreManager.<init>(RDBMSStoreManager.java:290)
	at sun.reflect.NativeConstructorAccessorImpl.newInstance0(Native Method)
	at sun.reflect.NativeConstructorAccessorImpl.newInstance(Unknown Source)
	at sun.reflect.DelegatingConstructorAccessorImpl.newInstance(Unknown Source)
	at java.lang.reflect.Constructor.newInstance(Unknown Source)
	at org.datanucleus.plugin.NonManagedPluginRegistry.createExecutableExtension(NonManagedPluginRegistry.java:660)
	at org.datanucleus.plugin.PluginManager.createExecutableExtension(PluginManager.java:295)
	at org.datanucleus.NucleusContextHelper.createStoreManagerForProperties(NucleusContextHelper.java:140)
	at org.datanucleus.PersistenceNucleusContextImpl.initialise(PersistenceNucleusContextImpl.java:445)
	at org.datanucleus.api.jdo.JDOPersistenceManagerFactory.freezeConfiguration(JDOPersistenceManagerFactory.java:855)
	at org.datanucleus.api.jdo.JDOPersistenceManagerFactory.createPersistenceManagerFactory(JDOPersistenceManagerFactory.java:346)
	at org.datanucleus.api.jdo.JDOPersistenceManagerFactory.getPersistenceManagerFactory(JDOPersistenceManagerFactory.java:225)
	at sun.reflect.NativeMethodAccessorImpl.invoke0(Native Method)
	at sun.reflect.NativeMethodAccessorImpl.invoke(Unknown Source)
	at sun.reflect.DelegatingMethodAccessorImpl.invoke(Unknown Source)
	at java.lang.reflect.Method.invoke(Unknown Source)
	at javax.jdo.JDOHelper$16.run(JDOHelper.java:1975)
	at java.security.AccessController.doPrivileged(Native Method)
	at javax.jdo.JDOHelper.invoke(JDOHelper.java:1970)
	at javax.jdo.JDOHelper.invokeGetPersistenceManagerFactoryOnImplementation(JDOHelper.java:1177)
	at javax.jdo.JDOHelper.getPersistenceManagerFactory(JDOHelper.java:851)
	at javax.jdo.JDOHelper.getPersistenceManagerFactory(JDOHelper.java:1109)
	at javax.jdo.JDOHelper.getPersistenceManagerFactory(JDOHelper.java:924)
	at uniandes.isis2304.superAndes.persistencia.PersistenciaSuperAndes.<init>(PersistenciaSuperAndes.java:201)
	at uniandes.isis2304.superAndes.persistencia.PersistenciaSuperAndes.getInstance(PersistenciaSuperAndes.java:226)
	at uniandes.isis2304.superAndes.negocio.SuperAndes.<init>(SuperAndes.java:48)
	at uniandes.isis2304.parranderos.test.ConexionTest.baseDatosInaccesible(ConexionTest.java:104)
	at sun.reflect.NativeMethodAccessorImpl.invoke0(Native Method)
	at sun.reflect.NativeMethodAccessorImpl.invoke(Unknown Source)
	at sun.reflect.DelegatingMethodAccessorImpl.invoke(Unknown Source)
	at java.lang.reflect.Method.invoke(Unknown Source)
	at org.junit.runners.model.FrameworkMethod$1.runReflectiveCall(FrameworkMethod.java:50)
	at org.junit.internal.runners.model.ReflectiveCallable.run(ReflectiveCallable.java:12)
	at org.junit.runners.model.FrameworkMethod.invokeExplosively(FrameworkMethod.java:47)
	at org.junit.internal.runners.statements.InvokeMethod.evaluate(InvokeMethod.java:17)
	at org.junit.runners.ParentRunner.runLeaf(ParentRunner.java:325)
	at org.junit.runners.BlockJUnit4ClassRunner.runChild(BlockJUnit4ClassRunner.java:78)
	at org.junit.runners.BlockJUnit4ClassRunner.runChild(BlockJUnit4ClassRunner.java:57)
	at org.junit.runners.ParentRunner$3.run(ParentRunner.java:290)
	at org.junit.runners.ParentRunner$1.schedule(ParentRunner.java:71)
	at org.junit.runners.ParentRunner.runChildren(ParentRunner.java:288)
	at org.junit.runners.ParentRunner.access$000(ParentRunner.java:58)
	at org.junit.runners.ParentRunner$2.evaluate(ParentRunner.java:268)
	at org.junit.runners.ParentRunner.run(ParentRunner.java:363)
	at org.eclipse.jdt.internal.junit4.runner.JUnit4TestReference.run(JUnit4TestReference.java:86)
	at org.eclipse.jdt.internal.junit.runner.TestExecution.run(TestExecution.java:38)
	at org.eclipse.jdt.internal.junit.runner.RemoteTestRunner.runTests(RemoteTestRunner.java:459)
	at org.eclipse.jdt.internal.junit.runner.RemoteTestRunner.runTests(RemoteTestRunner.java:678)
	at org.eclipse.jdt.internal.junit.runner.RemoteTestRunner.run(RemoteTestRunner.java:382)
	at org.eclipse.jdt.internal.junit.runner.RemoteTestRunner.main(RemoteTestRunner.java:192)
Caused by: java.sql.SQLException: Listener refused the connection with the following error:
ORA-12505, TNS:listener does not currently know of SID given in connect descriptor
 
	at oracle.jdbc.driver.T4CConnection.logon(T4CConnection.java:774)
	at oracle.jdbc.driver.PhysicalConnection.connect(PhysicalConnection.java:688)
	at oracle.jdbc.driver.T4CDriverExtension.getConnection(T4CDriverExtension.java:39)
	at oracle.jdbc.driver.OracleDriver.connect(OracleDriver.java:691)
	at java.sql.DriverManager.getConnection(Unknown Source)
	at java.sql.DriverManager.getConnection(Unknown Source)
	at org.datanucleus.store.rdbms.datasource.dbcp2.DriverManagerConnectionFactory.createConnection(DriverManagerConnectionFactory.java:79)
	at org.datanucleus.store.rdbms.datasource.dbcp2.PoolableConnectionFactory.makeObject(PoolableConnectionFactory.java:254)
	at org.datanucleus.store.rdbms.datasource.dbcp2.pool2.impl.GenericObjectPool.create(GenericObjectPool.java:864)
	at org.datanucleus.store.rdbms.datasource.dbcp2.pool2.impl.GenericObjectPool.borrowObject(GenericObjectPool.java:434)
	at org.datanucleus.store.rdbms.datasource.dbcp2.pool2.impl.GenericObjectPool.borrowObject(GenericObjectPool.java:362)
	at org.datanucleus.store.rdbms.datasource.dbcp2.PoolingDataSource.getConnection(PoolingDataSource.java:132)
	at org.datanucleus.store.rdbms.ConnectionFactoryImpl$ManagedConnectionImpl.getConnection(ConnectionFactoryImpl.java:501)
	... 50 more
Caused by: oracle.net.ns.NetException: Listener refused the connection with the following error:
ORA-12505, TNS:listener does not currently know of SID given in connect descriptor
 
	at oracle.net.ns.NSProtocolNIO.negotiateConnection(NSProtocolNIO.java:271)
	at oracle.net.ns.NSProtocol.connect(NSProtocol.java:317)
	at oracle.jdbc.driver.T4CConnection.connect(T4CConnection.java:1438)
	at oracle.jdbc.driver.T4CConnection.logon(T4CConnection.java:518)
	... 62 more
Nested Throwables StackTrace:
java.sql.SQLException: Listener refused the connection with the following error:
ORA-12505, TNS:listener does not currently know of SID given in connect descriptor
 
	at oracle.jdbc.driver.T4CConnection.logon(T4CConnection.java:774)
	at oracle.jdbc.driver.PhysicalConnection.connect(PhysicalConnection.java:688)
	at oracle.jdbc.driver.T4CDriverExtension.getConnection(T4CDriverExtension.java:39)
	at oracle.jdbc.driver.OracleDriver.connect(OracleDriver.java:691)
	at java.sql.DriverManager.getConnection(Unknown Source)
	at java.sql.DriverManager.getConnection(Unknown Source)
	at org.datanucleus.store.rdbms.datasource.dbcp2.DriverManagerConnectionFactory.createConnection(DriverManagerConnectionFactory.java:79)
	at org.datanucleus.store.rdbms.datasource.dbcp2.PoolableConnectionFactory.makeObject(PoolableConnectionFactory.java:254)
	at org.datanucleus.store.rdbms.datasource.dbcp2.pool2.impl.GenericObjectPool.create(GenericObjectPool.java:864)
	at org.datanucleus.store.rdbms.datasource.dbcp2.pool2.impl.GenericObjectPool.borrowObject(GenericObjectPool.java:434)
	at org.datanucleus.store.rdbms.datasource.dbcp2.pool2.impl.GenericObjectPool.borrowObject(GenericObjectPool.java:362)
	at org.datanucleus.store.rdbms.datasource.dbcp2.PoolingDataSource.getConnection(PoolingDataSource.java:132)
	at org.datanucleus.store.rdbms.ConnectionFactoryImpl$ManagedConnectionImpl.getConnection(ConnectionFactoryImpl.java:501)
	at org.datanucleus.store.rdbms.RDBMSStoreManager.<init>(RDBMSStoreManager.java:290)
	at sun.reflect.NativeConstructorAccessorImpl.newInstance0(Native Method)
	at sun.reflect.NativeConstructorAccessorImpl.newInstance(Unknown Source)
	at sun.reflect.DelegatingConstructorAccessorImpl.newInstance(Unknown Source)
	at java.lang.reflect.Constructor.newInstance(Unknown Source)
	at org.datanucleus.plugin.NonManagedPluginRegistry.createExecutableExtension(NonManagedPluginRegistry.java:660)
	at org.datanucleus.plugin.PluginManager.createExecutableExtension(PluginManager.java:295)
	at org.datanucleus.NucleusContextHelper.createStoreManagerForProperties(NucleusContextHelper.java:140)
	at org.datanucleus.PersistenceNucleusContextImpl.initialise(PersistenceNucleusContextImpl.java:445)
	at org.datanucleus.api.jdo.JDOPersistenceManagerFactory.freezeConfiguration(JDOPersistenceManagerFactory.java:855)
	at org.datanucleus.api.jdo.JDOPersistenceManagerFactory.createPersistenceManagerFactory(JDOPersistenceManagerFactory.java:346)
	at org.datanucleus.api.jdo.JDOPersistenceManagerFactory.getPersistenceManagerFactory(JDOPersistenceManagerFactory.java:225)
	at sun.reflect.NativeMethodAccessorImpl.invoke0(Native Method)
	at sun.reflect.NativeMethodAccessorImpl.invoke(Unknown Source)
	at sun.reflect.DelegatingMethodAccessorImpl.invoke(Unknown Source)
	at java.lang.reflect.Method.invoke(Unknown Source)
	at javax.jdo.JDOHelper$16.run(JDOHelper.java:1975)
	at java.security.AccessController.doPrivileged(Native Method)
	at javax.jdo.JDOHelper.invoke(JDOHelper.java:1970)
	at javax.jdo.JDOHelper.invokeGetPersistenceManagerFactoryOnImplementation(JDOHelper.java:1177)
	at javax.jdo.JDOHelper.getPersistenceManagerFactory(JDOHelper.java:851)
	at javax.jdo.JDOHelper.getPersistenceManagerFactory(JDOHelper.java:1109)
	at javax.jdo.JDOHelper.getPersistenceManagerFactory(JDOHelper.java:924)
	at uniandes.isis2304.superAndes.persistencia.PersistenciaSuperAndes.<init>(PersistenciaSuperAndes.java:201)
	at uniandes.isis2304.superAndes.persistencia.PersistenciaSuperAndes.getInstance(PersistenciaSuperAndes.java:226)
	at uniandes.isis2304.superAndes.negocio.SuperAndes.<init>(SuperAndes.java:48)
	at uniandes.isis2304.parranderos.test.ConexionTest.baseDatosInaccesible(ConexionTest.java:104)
	at sun.reflect.NativeMethodAccessorImpl.invoke0(Native Method)
	at sun.reflect.NativeMethodAccessorImpl.invoke(Unknown Source)
	at sun.reflect.DelegatingMethodAccessorImpl.invoke(Unknown Source)
	at java.lang.reflect.Method.invoke(Unknown Source)
	at org.junit.runners.model.FrameworkMethod$1.runReflectiveCall(FrameworkMethod.java:50)
	at org.junit.internal.runners.model.ReflectiveCallable.run(ReflectiveCallable.java:12)
	at org.junit.runners.model.FrameworkMethod.invokeExplosively(FrameworkMethod.java:47)
	at org.junit.internal.runners.statements.InvokeMethod.evaluate(InvokeMethod.java:17)
	at org.junit.runners.ParentRunner.runLeaf(ParentRunner.java:325)
	at org.junit.runners.BlockJUnit4ClassRunner.runChild(BlockJUnit4ClassRunner.java:78)
	at org.junit.runners.BlockJUnit4ClassRunner.runChild(BlockJUnit4ClassRunner.java:57)
	at org.junit.runners.ParentRunner$3.run(ParentRunner.java:290)
	at org.junit.runners.ParentRunner$1.schedule(ParentRunner.java:71)
	at org.junit.runners.ParentRunner.runChildren(ParentRunner.java:288)
	at org.junit.runners.ParentRunner.access$000(ParentRunner.java:58)
	at org.junit.runners.ParentRunner$2.evaluate(ParentRunner.java:268)
	at org.junit.runners.ParentRunner.run(ParentRunner.java:363)
	at org.eclipse.jdt.internal.junit4.runner.JUnit4TestReference.run(JUnit4TestReference.java:86)
	at org.eclipse.jdt.internal.junit.runner.TestExecution.run(TestExecution.java:38)
	at org.eclipse.jdt.internal.junit.runner.RemoteTestRunner.runTests(RemoteTestRunner.java:459)
	at org.eclipse.jdt.internal.junit.runner.RemoteTestRunner.runTests(RemoteTestRunner.java:678)
	at org.eclipse.jdt.internal.junit.runner.RemoteTestRunner.run(RemoteTestRunner.java:382)
	at org.eclipse.jdt.internal.junit.runner.RemoteTestRunner.main(RemoteTestRunner.java:192)
Caused by: oracle.net.ns.NetException: Listener refused the connection with the following error:
ORA-12505, TNS:listener does not currently know of SID given in connect descriptor
 
	at oracle.net.ns.NSProtocolNIO.negotiateConnection(NSProtocolNIO.java:271)
	at oracle.net.ns.NSProtocol.connect(NSProtocol.java:317)
	at oracle.jdbc.driver.T4CConnection.connect(T4CConnection.java:1438)
	at oracle.jdbc.driver.T4CConnection.logon(T4CConnection.java:518)
	... 62 more
23:31:31,346 (main) ERROR [DataNucleus.Datastore] - Exception thrown creating StoreManager : Listener refused the connection with the following error:
ORA-12505, TNS:listener does not currently know of SID given in connect descriptor
 
23:31:31,351 (main) DEBUG [DataNucleus.General] - Using PluginRegistry org.datanucleus.plugin.NonManagedPluginRegistry
23:31:31,355 (main) DEBUG [DataNucleus.General] - Registering bundle org.datanucleus.api.jdo version 5.1.7 at URL file:/C:/Users/Jhonatan/superandes/lib/datanucleus-api-jdo-5.1.7.jar.
23:31:31,367 (main) DEBUG [DataNucleus.General] - Leyendo extension-points y extensiones del archivo de plug-in jar:file:/C:/Users/Jhonatan/superandes/lib/datanucleus-api-jdo-5.1.7.jar!/plugin.xml.
23:31:31,378 (main) DEBUG [DataNucleus.General] - Registering bundle org.datanucleus version 5.1.10 at URL file:/C:/Users/Jhonatan/superandes/lib/datanucleus-core-5.1.10.jar.
23:31:31,380 (main) DEBUG [DataNucleus.General] - Leyendo extension-points y extensiones del archivo de plug-in jar:file:/C:/Users/Jhonatan/superandes/lib/datanucleus-core-5.1.10.jar!/plugin.xml.
23:31:31,393 (main) DEBUG [DataNucleus.General] - Registering bundle org.datanucleus.store.rdbms version 5.1.10 at URL file:/C:/Users/Jhonatan/superandes/lib/datanucleus-rdbms-5.1.10.jar.
23:31:31,397 (main) DEBUG [DataNucleus.General] - Leyendo extension-points y extensiones del archivo de plug-in jar:file:/C:/Users/Jhonatan/superandes/lib/datanucleus-rdbms-5.1.10.jar!/plugin.xml.
23:31:31,407 (main) DEBUG [DataNucleus.MetaData] - Analizando el MetaData "file:/C:/Users/Jhonatan/superandes/bin/META-INF/persistence.xml" con handler "persistence" (validar="false")
23:31:31,412 (main) DEBUG [DataNucleus.Persistence] - Tipos de Java inicializando ...
23:31:31,413 (main) DEBUG [DataNucleus.Persistence] - Soporte para tipos de Java listo : tipos soportados = [B, [C, [D, [F, [I, [J, [Ljava.lang.Boolean;, [Ljava.lang.Byte;, [Ljava.lang.Character;, [Ljava.lang.Double;, [Ljava.lang.Enum;, [Ljava.lang.Float;, [Ljava.lang.Integer;, [Ljava.lang.Long;, [Ljava.lang.Number;, [Ljava.lang.Object;, [Ljava.lang.Short;, [Ljava.lang.String;, [Ljava.math.BigDecimal;, [Ljava.math.BigInteger;, [Ljava.util.Date;, [Ljava.util.Locale;, [S, [Z, boolean, byte, char, double, float, int, java.awt.Color, java.awt.image.BufferedImage, java.lang.Boolean, java.lang.Byte, java.lang.Character, java.lang.Class, java.lang.Double, java.lang.Enum, java.lang.Float, java.lang.Integer, java.lang.Long, java.lang.Number, java.lang.Short, java.lang.String, java.lang.StringBuffer, java.lang.StringBuilder, java.math.BigDecimal, java.math.BigInteger, java.net.URI, java.net.URL, java.sql.Date, java.sql.Time, java.sql.Timestamp, java.time.Duration, java.time.Instant, java.time.LocalDate, java.time.LocalDateTime, java.time.LocalTime, java.time.MonthDay, java.time.OffsetDateTime, java.time.OffsetTime, java.time.Period, java.time.Year, java.time.YearMonth, java.time.ZonedDateTime, java.time.ZoneId, java.time.ZoneOffset, java.util.ArrayList, java.util.Arrays$ArrayList, java.util.BitSet, java.util.Calendar, java.util.Collection, java.util.Currency, java.util.Date, java.util.GregorianCalendar, java.util.HashMap, java.util.HashSet, java.util.Hashtable, java.util.LinkedHashMap, java.util.LinkedHashSet, java.util.LinkedList, java.util.List, java.util.Locale, java.util.Map, java.util.Optional, java.util.PriorityQueue, java.util.Properties, java.util.Queue, java.util.Set, java.util.SortedMap, java.util.SortedSet, java.util.Stack, java.util.TimeZone, java.util.TreeMap, java.util.TreeSet, java.util.UUID, java.util.Vector, long, short
23:31:31,413 (main) DEBUG [DataNucleus.Persistence] - Inicializando TypeConverters ...
23:31:31,415 (main) DEBUG [DataNucleus.Persistence] - TypeConverters listo
23:31:31,415 (main) DEBUG [DataNucleus.Persistence] - TypeConverter(s) available for byte[] to : java.nio.ByteBuffer
23:31:31,415 (main) DEBUG [DataNucleus.Persistence] - TypeConverter(s) available for char[] to : java.nio.ByteBuffer
23:31:31,415 (main) DEBUG [DataNucleus.Persistence] - TypeConverter(s) available for double[] to : java.nio.ByteBuffer
23:31:31,415 (main) DEBUG [DataNucleus.Persistence] - TypeConverter(s) available for float[] to : java.nio.ByteBuffer
23:31:31,415 (main) DEBUG [DataNucleus.Persistence] - TypeConverter(s) available for int[] to : java.nio.ByteBuffer
23:31:31,415 (main) DEBUG [DataNucleus.Persistence] - TypeConverter(s) available for long[] to : java.nio.ByteBuffer
23:31:31,415 (main) DEBUG [DataNucleus.Persistence] - TypeConverter(s) available for [Ljava.math.BigDecimal; to : java.nio.ByteBuffer
23:31:31,415 (main) DEBUG [DataNucleus.Persistence] - TypeConverter(s) available for [Ljava.math.BigInteger; to : java.nio.ByteBuffer
23:31:31,417 (main) DEBUG [DataNucleus.Persistence] - TypeConverter(s) available for short[] to : java.nio.ByteBuffer
23:31:31,417 (main) DEBUG [DataNucleus.Persistence] - TypeConverter(s) available for boolean[] to : java.nio.ByteBuffer
23:31:31,418 (main) DEBUG [DataNucleus.Persistence] - TypeConverter(s) available for java.awt.Color to : java.lang.String,int[]
23:31:31,418 (main) DEBUG [DataNucleus.Persistence] - TypeConverter(s) available for java.awt.image.BufferedImage to : java.nio.ByteBuffer,byte[]
23:31:31,418 (main) DEBUG [DataNucleus.Persistence] - TypeConverter(s) available for java.io.Serializable to : java.lang.String,java.nio.ByteBuffer,byte[]
23:31:31,418 (main) DEBUG [DataNucleus.Persistence] - TypeConverter(s) available for java.lang.Boolean to : java.lang.Integer,java.lang.Character
23:31:31,418 (main) DEBUG [DataNucleus.Persistence] - TypeConverter(s) available for java.lang.Character to : java.lang.String
23:31:31,418 (main) DEBUG [DataNucleus.Persistence] - TypeConverter(s) available for java.lang.Class to : java.lang.String
23:31:31,418 (main) DEBUG [DataNucleus.Persistence] - TypeConverter(s) available for java.lang.Integer to : java.lang.String
23:31:31,418 (main) DEBUG [DataNucleus.Persistence] - TypeConverter(s) available for java.lang.Long to : java.lang.String
23:31:31,418 (main) DEBUG [DataNucleus.Persistence] - TypeConverter(s) available for java.lang.StringBuffer to : java.lang.String
23:31:31,418 (main) DEBUG [DataNucleus.Persistence] - TypeConverter(s) available for java.lang.StringBuilder to : java.lang.String
23:31:31,418 (main) DEBUG [DataNucleus.Persistence] - TypeConverter(s) available for java.math.BigDecimal to : java.lang.String,java.lang.Double
23:31:31,418 (main) DEBUG [DataNucleus.Persistence] - TypeConverter(s) available for java.math.BigInteger to : java.lang.Long,java.lang.String
23:31:31,418 (main) DEBUG [DataNucleus.Persistence] - TypeConverter(s) available for java.net.URI to : java.lang.String
23:31:31,418 (main) DEBUG [DataNucleus.Persistence] - TypeConverter(s) available for java.net.URL to : java.lang.String
23:31:31,418 (main) DEBUG [DataNucleus.Persistence] - TypeConverter(s) available for java.sql.Date to : java.lang.Long,java.lang.String,java.util.Date
23:31:31,419 (main) DEBUG [DataNucleus.Persistence] - TypeConverter(s) available for java.sql.Time to : java.lang.Long,java.lang.String,java.util.Date
23:31:31,419 (main) DEBUG [DataNucleus.Persistence] - TypeConverter(s) available for java.sql.Timestamp to : java.lang.Long,java.lang.String,java.util.Date
23:31:31,419 (main) DEBUG [DataNucleus.Persistence] - TypeConverter(s) available for java.time.Duration to : java.lang.Long,java.lang.String,java.lang.Double
23:31:31,419 (main) DEBUG [DataNucleus.Persistence] - TypeConverter(s) available for java.time.Instant to : java.sql.Timestamp,java.lang.Long,java.lang.String,java.util.Date
23:31:31,419 (main) DEBUG [DataNucleus.Persistence] - TypeConverter(s) available for java.time.LocalDate to : java.lang.String,java.sql.Date,java.util.Date
23:31:31,419 (main) DEBUG [DataNucleus.Persistence] - TypeConverter(s) available for java.time.LocalDateTime to : java.sql.Timestamp,java.lang.String,java.util.Date
23:31:31,419 (main) DEBUG [DataNucleus.Persistence] - TypeConverter(s) available for java.time.LocalTime to : java.lang.Long,java.lang.String,java.sql.Time,java.util.Date
23:31:31,419 (main) DEBUG [DataNucleus.Persistence] - TypeConverter(s) available for java.time.MonthDay to : java.lang.String,java.sql.Date,int[],java.util.Date
23:31:31,419 (main) DEBUG [DataNucleus.Persistence] - TypeConverter(s) available for java.time.OffsetDateTime to : java.sql.Timestamp,java.lang.String,java.util.Date
23:31:31,419 (main) DEBUG [DataNucleus.Persistence] - TypeConverter(s) available for java.time.OffsetTime to : java.lang.Long,java.lang.String,java.sql.Time
23:31:31,419 (main) DEBUG [DataNucleus.Persistence] - TypeConverter(s) available for java.time.Period to : java.lang.String,int[]
23:31:31,419 (main) DEBUG [DataNucleus.Persistence] - TypeConverter(s) available for java.time.Year to : java.lang.Integer,java.lang.String
23:31:31,419 (main) DEBUG [DataNucleus.Persistence] - TypeConverter(s) available for java.time.YearMonth to : java.lang.String,java.sql.Date,int[],java.util.Date
23:31:31,419 (main) DEBUG [DataNucleus.Persistence] - TypeConverter(s) available for java.time.ZonedDateTime to : java.sql.Timestamp,java.lang.String
23:31:31,419 (main) DEBUG [DataNucleus.Persistence] - TypeConverter(s) available for java.time.ZoneId to : java.lang.String
23:31:31,419 (main) DEBUG [DataNucleus.Persistence] - TypeConverter(s) available for java.time.ZoneOffset to : java.lang.String
23:31:31,420 (main) DEBUG [DataNucleus.Persistence] - TypeConverter(s) available for java.util.BitSet to : java.lang.String
23:31:31,420 (main) DEBUG [DataNucleus.Persistence] - TypeConverter(s) available for java.util.Calendar to : [Ljava.lang.Object;,java.sql.Timestamp,java.lang.String,java.util.Date
23:31:31,420 (main) DEBUG [DataNucleus.Persistence] - TypeConverter(s) available for java.util.Currency to : java.lang.String
23:31:31,420 (main) DEBUG [DataNucleus.Persistence] - TypeConverter(s) available for java.util.Date to : java.lang.Long,java.lang.String
23:31:31,420 (main) DEBUG [DataNucleus.Persistence] - TypeConverter(s) available for java.util.Locale to : java.lang.String
23:31:31,420 (main) DEBUG [DataNucleus.Persistence] - TypeConverter(s) available for java.util.TimeZone to : java.lang.String
23:31:31,420 (main) DEBUG [DataNucleus.Persistence] - TypeConverter(s) available for java.util.UUID to : java.lang.String
23:31:31,420 (main) DEBUG [DataNucleus.MetaData] - MetaDataManager : Input=(XML,Annotations), XML-Validation=false, XML-Suffices=(persistence=*.jdo, orm=orm, query=*.jdoquery) mapping-name=oracle, JDO-listener=false
23:31:31,420 (main) DEBUG [DataNucleus.MetaData] - MetaData Management : Carga de Metadata del persistence-unit "SuperAndesErrorUser" ...
23:31:31,420 (main) DEBUG [DataNucleus.MetaData] - MetaData Management : Carga de Metadata ya ha terminado
23:31:31,420 (main) DEBUG [DataNucleus.Datastore] - Creating StoreManager for datastore
23:31:31,422 (main) DEBUG [DataNucleus.Connection] - Creado ConnectionPool "tx" con data source de tipo dbcp2-builtin
23:31:31,423 (main) DEBUG [DataNucleus.Connection] - Registrado la factoria de connecciones transaccionales bajo el nombre "rdbms/tx"
23:31:31,423 (main) DEBUG [DataNucleus.Connection] - Registrado la factoria de connecciones nontransaccionales bajo el nombre "rdbms/nontx"
23:31:31,427 (main) DEBUG [DataNucleus.Connection] - Creado ConnectionPool "nontx" con data source de tipo dbcp2-builtin
23:31:32,670 (main) ERROR [DataNucleus.Datastore.Schema] - La inicialización del base de datos ha fallado.
ORA-01017: invalid username/password; logon denied

org.datanucleus.exceptions.NucleusDataStoreException: ORA-01017: invalid username/password; logon denied

	at org.datanucleus.store.rdbms.ConnectionFactoryImpl$ManagedConnectionImpl.getConnection(ConnectionFactoryImpl.java:518)
	at org.datanucleus.store.rdbms.RDBMSStoreManager.<init>(RDBMSStoreManager.java:290)
	at sun.reflect.NativeConstructorAccessorImpl.newInstance0(Native Method)
	at sun.reflect.NativeConstructorAccessorImpl.newInstance(Unknown Source)
	at sun.reflect.DelegatingConstructorAccessorImpl.newInstance(Unknown Source)
	at java.lang.reflect.Constructor.newInstance(Unknown Source)
	at org.datanucleus.plugin.NonManagedPluginRegistry.createExecutableExtension(NonManagedPluginRegistry.java:660)
	at org.datanucleus.plugin.PluginManager.createExecutableExtension(PluginManager.java:295)
	at org.datanucleus.NucleusContextHelper.createStoreManagerForProperties(NucleusContextHelper.java:140)
	at org.datanucleus.PersistenceNucleusContextImpl.initialise(PersistenceNucleusContextImpl.java:445)
	at org.datanucleus.api.jdo.JDOPersistenceManagerFactory.freezeConfiguration(JDOPersistenceManagerFactory.java:855)
	at org.datanucleus.api.jdo.JDOPersistenceManagerFactory.createPersistenceManagerFactory(JDOPersistenceManagerFactory.java:346)
	at org.datanucleus.api.jdo.JDOPersistenceManagerFactory.getPersistenceManagerFactory(JDOPersistenceManagerFactory.java:225)
	at sun.reflect.NativeMethodAccessorImpl.invoke0(Native Method)
	at sun.reflect.NativeMethodAccessorImpl.invoke(Unknown Source)
	at sun.reflect.DelegatingMethodAccessorImpl.invoke(Unknown Source)
	at java.lang.reflect.Method.invoke(Unknown Source)
	at javax.jdo.JDOHelper$16.run(JDOHelper.java:1975)
	at java.security.AccessController.doPrivileged(Native Method)
	at javax.jdo.JDOHelper.invoke(JDOHelper.java:1970)
	at javax.jdo.JDOHelper.invokeGetPersistenceManagerFactoryOnImplementation(JDOHelper.java:1177)
	at javax.jdo.JDOHelper.getPersistenceManagerFactory(JDOHelper.java:851)
	at javax.jdo.JDOHelper.getPersistenceManagerFactory(JDOHelper.java:1109)
	at javax.jdo.JDOHelper.getPersistenceManagerFactory(JDOHelper.java:924)
	at uniandes.isis2304.superAndes.persistencia.PersistenciaSuperAndes.<init>(PersistenciaSuperAndes.java:201)
	at uniandes.isis2304.superAndes.persistencia.PersistenciaSuperAndes.getInstance(PersistenciaSuperAndes.java:226)
	at uniandes.isis2304.superAndes.negocio.SuperAndes.<init>(SuperAndes.java:48)
	at uniandes.isis2304.parranderos.test.ConexionTest.usuarioInvalidoTest(ConexionTest.java:129)
	at sun.reflect.NativeMethodAccessorImpl.invoke0(Native Method)
	at sun.reflect.NativeMethodAccessorImpl.invoke(Unknown Source)
	at sun.reflect.DelegatingMethodAccessorImpl.invoke(Unknown Source)
	at java.lang.reflect.Method.invoke(Unknown Source)
	at org.junit.runners.model.FrameworkMethod$1.runReflectiveCall(FrameworkMethod.java:50)
	at org.junit.internal.runners.model.ReflectiveCallable.run(ReflectiveCallable.java:12)
	at org.junit.runners.model.FrameworkMethod.invokeExplosively(FrameworkMethod.java:47)
	at org.junit.internal.runners.statements.InvokeMethod.evaluate(InvokeMethod.java:17)
	at org.junit.runners.ParentRunner.runLeaf(ParentRunner.java:325)
	at org.junit.runners.BlockJUnit4ClassRunner.runChild(BlockJUnit4ClassRunner.java:78)
	at org.junit.runners.BlockJUnit4ClassRunner.runChild(BlockJUnit4ClassRunner.java:57)
	at org.junit.runners.ParentRunner$3.run(ParentRunner.java:290)
	at org.junit.runners.ParentRunner$1.schedule(ParentRunner.java:71)
	at org.junit.runners.ParentRunner.runChildren(ParentRunner.java:288)
	at org.junit.runners.ParentRunner.access$000(ParentRunner.java:58)
	at org.junit.runners.ParentRunner$2.evaluate(ParentRunner.java:268)
	at org.junit.runners.ParentRunner.run(ParentRunner.java:363)
	at org.eclipse.jdt.internal.junit4.runner.JUnit4TestReference.run(JUnit4TestReference.java:86)
	at org.eclipse.jdt.internal.junit.runner.TestExecution.run(TestExecution.java:38)
	at org.eclipse.jdt.internal.junit.runner.RemoteTestRunner.runTests(RemoteTestRunner.java:459)
	at org.eclipse.jdt.internal.junit.runner.RemoteTestRunner.runTests(RemoteTestRunner.java:678)
	at org.eclipse.jdt.internal.junit.runner.RemoteTestRunner.run(RemoteTestRunner.java:382)
	at org.eclipse.jdt.internal.junit.runner.RemoteTestRunner.main(RemoteTestRunner.java:192)
Caused by: java.sql.SQLException: ORA-01017: invalid username/password; logon denied

	at oracle.jdbc.driver.T4CTTIoer11.processError(T4CTTIoer11.java:494)
	at oracle.jdbc.driver.T4CTTIoer11.processError(T4CTTIoer11.java:441)
	at oracle.jdbc.driver.T4CTTIoer11.processError(T4CTTIoer11.java:436)
	at oracle.jdbc.driver.T4CTTIfun.processError(T4CTTIfun.java:1061)
	at oracle.jdbc.driver.T4CTTIoauthenticate.processError(T4CTTIoauthenticate.java:550)
	at oracle.jdbc.driver.T4CTTIfun.receive(T4CTTIfun.java:623)
	at oracle.jdbc.driver.T4CTTIfun.doRPC(T4CTTIfun.java:252)
	at oracle.jdbc.driver.T4CTTIoauthenticate.doOAUTH(T4CTTIoauthenticate.java:499)
	at oracle.jdbc.driver.T4CTTIoauthenticate.doOAUTH(T4CTTIoauthenticate.java:1279)
	at oracle.jdbc.driver.T4CConnection.logon(T4CConnection.java:663)
	at oracle.jdbc.driver.PhysicalConnection.connect(PhysicalConnection.java:688)
	at oracle.jdbc.driver.T4CDriverExtension.getConnection(T4CDriverExtension.java:39)
	at oracle.jdbc.driver.OracleDriver.connect(OracleDriver.java:691)
	at java.sql.DriverManager.getConnection(Unknown Source)
	at java.sql.DriverManager.getConnection(Unknown Source)
	at org.datanucleus.store.rdbms.datasource.dbcp2.DriverManagerConnectionFactory.createConnection(DriverManagerConnectionFactory.java:79)
	at org.datanucleus.store.rdbms.datasource.dbcp2.PoolableConnectionFactory.makeObject(PoolableConnectionFactory.java:254)
	at org.datanucleus.store.rdbms.datasource.dbcp2.pool2.impl.GenericObjectPool.create(GenericObjectPool.java:864)
	at org.datanucleus.store.rdbms.datasource.dbcp2.pool2.impl.GenericObjectPool.borrowObject(GenericObjectPool.java:434)
	at org.datanucleus.store.rdbms.datasource.dbcp2.pool2.impl.GenericObjectPool.borrowObject(GenericObjectPool.java:362)
	at org.datanucleus.store.rdbms.datasource.dbcp2.PoolingDataSource.getConnection(PoolingDataSource.java:132)
	at org.datanucleus.store.rdbms.ConnectionFactoryImpl$ManagedConnectionImpl.getConnection(ConnectionFactoryImpl.java:501)
	... 50 more
Nested Throwables StackTrace:
java.sql.SQLException: ORA-01017: invalid username/password; logon denied

	at oracle.jdbc.driver.T4CTTIoer11.processError(T4CTTIoer11.java:494)
	at oracle.jdbc.driver.T4CTTIoer11.processError(T4CTTIoer11.java:441)
	at oracle.jdbc.driver.T4CTTIoer11.processError(T4CTTIoer11.java:436)
	at oracle.jdbc.driver.T4CTTIfun.processError(T4CTTIfun.java:1061)
	at oracle.jdbc.driver.T4CTTIoauthenticate.processError(T4CTTIoauthenticate.java:550)
	at oracle.jdbc.driver.T4CTTIfun.receive(T4CTTIfun.java:623)
	at oracle.jdbc.driver.T4CTTIfun.doRPC(T4CTTIfun.java:252)
	at oracle.jdbc.driver.T4CTTIoauthenticate.doOAUTH(T4CTTIoauthenticate.java:499)
	at oracle.jdbc.driver.T4CTTIoauthenticate.doOAUTH(T4CTTIoauthenticate.java:1279)
	at oracle.jdbc.driver.T4CConnection.logon(T4CConnection.java:663)
	at oracle.jdbc.driver.PhysicalConnection.connect(PhysicalConnection.java:688)
	at oracle.jdbc.driver.T4CDriverExtension.getConnection(T4CDriverExtension.java:39)
	at oracle.jdbc.driver.OracleDriver.connect(OracleDriver.java:691)
	at java.sql.DriverManager.getConnection(Unknown Source)
	at java.sql.DriverManager.getConnection(Unknown Source)
	at org.datanucleus.store.rdbms.datasource.dbcp2.DriverManagerConnectionFactory.createConnection(DriverManagerConnectionFactory.java:79)
	at org.datanucleus.store.rdbms.datasource.dbcp2.PoolableConnectionFactory.makeObject(PoolableConnectionFactory.java:254)
	at org.datanucleus.store.rdbms.datasource.dbcp2.pool2.impl.GenericObjectPool.create(GenericObjectPool.java:864)
	at org.datanucleus.store.rdbms.datasource.dbcp2.pool2.impl.GenericObjectPool.borrowObject(GenericObjectPool.java:434)
	at org.datanucleus.store.rdbms.datasource.dbcp2.pool2.impl.GenericObjectPool.borrowObject(GenericObjectPool.java:362)
	at org.datanucleus.store.rdbms.datasource.dbcp2.PoolingDataSource.getConnection(PoolingDataSource.java:132)
	at org.datanucleus.store.rdbms.ConnectionFactoryImpl$ManagedConnectionImpl.getConnection(ConnectionFactoryImpl.java:501)
	at org.datanucleus.store.rdbms.RDBMSStoreManager.<init>(RDBMSStoreManager.java:290)
	at sun.reflect.NativeConstructorAccessorImpl.newInstance0(Native Method)
	at sun.reflect.NativeConstructorAccessorImpl.newInstance(Unknown Source)
	at sun.reflect.DelegatingConstructorAccessorImpl.newInstance(Unknown Source)
	at java.lang.reflect.Constructor.newInstance(Unknown Source)
	at org.datanucleus.plugin.NonManagedPluginRegistry.createExecutableExtension(NonManagedPluginRegistry.java:660)
	at org.datanucleus.plugin.PluginManager.createExecutableExtension(PluginManager.java:295)
	at org.datanucleus.NucleusContextHelper.createStoreManagerForProperties(NucleusContextHelper.java:140)
	at org.datanucleus.PersistenceNucleusContextImpl.initialise(PersistenceNucleusContextImpl.java:445)
	at org.datanucleus.api.jdo.JDOPersistenceManagerFactory.freezeConfiguration(JDOPersistenceManagerFactory.java:855)
	at org.datanucleus.api.jdo.JDOPersistenceManagerFactory.createPersistenceManagerFactory(JDOPersistenceManagerFactory.java:346)
	at org.datanucleus.api.jdo.JDOPersistenceManagerFactory.getPersistenceManagerFactory(JDOPersistenceManagerFactory.java:225)
	at sun.reflect.NativeMethodAccessorImpl.invoke0(Native Method)
	at sun.reflect.NativeMethodAccessorImpl.invoke(Unknown Source)
	at sun.reflect.DelegatingMethodAccessorImpl.invoke(Unknown Source)
	at java.lang.reflect.Method.invoke(Unknown Source)
	at javax.jdo.JDOHelper$16.run(JDOHelper.java:1975)
	at java.security.AccessController.doPrivileged(Native Method)
	at javax.jdo.JDOHelper.invoke(JDOHelper.java:1970)
	at javax.jdo.JDOHelper.invokeGetPersistenceManagerFactoryOnImplementation(JDOHelper.java:1177)
	at javax.jdo.JDOHelper.getPersistenceManagerFactory(JDOHelper.java:851)
	at javax.jdo.JDOHelper.getPersistenceManagerFactory(JDOHelper.java:1109)
	at javax.jdo.JDOHelper.getPersistenceManagerFactory(JDOHelper.java:924)
	at uniandes.isis2304.superAndes.persistencia.PersistenciaSuperAndes.<init>(PersistenciaSuperAndes.java:201)
	at uniandes.isis2304.superAndes.persistencia.PersistenciaSuperAndes.getInstance(PersistenciaSuperAndes.java:226)
	at uniandes.isis2304.superAndes.negocio.SuperAndes.<init>(SuperAndes.java:48)
	at uniandes.isis2304.parranderos.test.ConexionTest.usuarioInvalidoTest(ConexionTest.java:129)
	at sun.reflect.NativeMethodAccessorImpl.invoke0(Native Method)
	at sun.reflect.NativeMethodAccessorImpl.invoke(Unknown Source)
	at sun.reflect.DelegatingMethodAccessorImpl.invoke(Unknown Source)
	at java.lang.reflect.Method.invoke(Unknown Source)
	at org.junit.runners.model.FrameworkMethod$1.runReflectiveCall(FrameworkMethod.java:50)
	at org.junit.internal.runners.model.ReflectiveCallable.run(ReflectiveCallable.java:12)
	at org.junit.runners.model.FrameworkMethod.invokeExplosively(FrameworkMethod.java:47)
	at org.junit.internal.runners.statements.InvokeMethod.evaluate(InvokeMethod.java:17)
	at org.junit.runners.ParentRunner.runLeaf(ParentRunner.java:325)
	at org.junit.runners.BlockJUnit4ClassRunner.runChild(BlockJUnit4ClassRunner.java:78)
	at org.junit.runners.BlockJUnit4ClassRunner.runChild(BlockJUnit4ClassRunner.java:57)
	at org.junit.runners.ParentRunner$3.run(ParentRunner.java:290)
	at org.junit.runners.ParentRunner$1.schedule(ParentRunner.java:71)
	at org.junit.runners.ParentRunner.runChildren(ParentRunner.java:288)
	at org.junit.runners.ParentRunner.access$000(ParentRunner.java:58)
	at org.junit.runners.ParentRunner$2.evaluate(ParentRunner.java:268)
	at org.junit.runners.ParentRunner.run(ParentRunner.java:363)
	at org.eclipse.jdt.internal.junit4.runner.JUnit4TestReference.run(JUnit4TestReference.java:86)
	at org.eclipse.jdt.internal.junit.runner.TestExecution.run(TestExecution.java:38)
	at org.eclipse.jdt.internal.junit.runner.RemoteTestRunner.runTests(RemoteTestRunner.java:459)
	at org.eclipse.jdt.internal.junit.runner.RemoteTestRunner.runTests(RemoteTestRunner.java:678)
	at org.eclipse.jdt.internal.junit.runner.RemoteTestRunner.run(RemoteTestRunner.java:382)
	at org.eclipse.jdt.internal.junit.runner.RemoteTestRunner.main(RemoteTestRunner.java:192)
23:31:32,675 (main) ERROR [DataNucleus.Datastore] - Exception thrown creating StoreManager : ORA-01017: invalid username/password; logon denied

23:31:32,704 (main) DEBUG [DataNucleus.General] - Using PluginRegistry org.datanucleus.plugin.NonManagedPluginRegistry
23:31:32,708 (main) DEBUG [DataNucleus.General] - Registering bundle org.datanucleus.api.jdo version 5.1.7 at URL file:/C:/Users/Jhonatan/superandes/lib/datanucleus-api-jdo-5.1.7.jar.
23:31:32,710 (main) DEBUG [DataNucleus.General] - Leyendo extension-points y extensiones del archivo de plug-in jar:file:/C:/Users/Jhonatan/superandes/lib/datanucleus-api-jdo-5.1.7.jar!/plugin.xml.
23:31:32,712 (main) DEBUG [DataNucleus.General] - Registering bundle org.datanucleus version 5.1.10 at URL file:/C:/Users/Jhonatan/superandes/lib/datanucleus-core-5.1.10.jar.
23:31:32,713 (main) DEBUG [DataNucleus.General] - Leyendo extension-points y extensiones del archivo de plug-in jar:file:/C:/Users/Jhonatan/superandes/lib/datanucleus-core-5.1.10.jar!/plugin.xml.
23:31:32,718 (main) DEBUG [DataNucleus.General] - Registering bundle org.datanucleus.store.rdbms version 5.1.10 at URL file:/C:/Users/Jhonatan/superandes/lib/datanucleus-rdbms-5.1.10.jar.
23:31:32,719 (main) DEBUG [DataNucleus.General] - Leyendo extension-points y extensiones del archivo de plug-in jar:file:/C:/Users/Jhonatan/superandes/lib/datanucleus-rdbms-5.1.10.jar!/plugin.xml.
23:31:32,723 (main) DEBUG [DataNucleus.MetaData] - Analizando el MetaData "file:/C:/Users/Jhonatan/superandes/bin/META-INF/persistence.xml" con handler "persistence" (validar="false")
23:31:32,725 (main) DEBUG [DataNucleus.Persistence] - Tipos de Java inicializando ...
23:31:32,725 (main) DEBUG [DataNucleus.Persistence] - Soporte para tipos de Java listo : tipos soportados = [B, [C, [D, [F, [I, [J, [Ljava.lang.Boolean;, [Ljava.lang.Byte;, [Ljava.lang.Character;, [Ljava.lang.Double;, [Ljava.lang.Enum;, [Ljava.lang.Float;, [Ljava.lang.Integer;, [Ljava.lang.Long;, [Ljava.lang.Number;, [Ljava.lang.Object;, [Ljava.lang.Short;, [Ljava.lang.String;, [Ljava.math.BigDecimal;, [Ljava.math.BigInteger;, [Ljava.util.Date;, [Ljava.util.Locale;, [S, [Z, boolean, byte, char, double, float, int, java.awt.Color, java.awt.image.BufferedImage, java.lang.Boolean, java.lang.Byte, java.lang.Character, java.lang.Class, java.lang.Double, java.lang.Enum, java.lang.Float, java.lang.Integer, java.lang.Long, java.lang.Number, java.lang.Short, java.lang.String, java.lang.StringBuffer, java.lang.StringBuilder, java.math.BigDecimal, java.math.BigInteger, java.net.URI, java.net.URL, java.sql.Date, java.sql.Time, java.sql.Timestamp, java.time.Duration, java.time.Instant, java.time.LocalDate, java.time.LocalDateTime, java.time.LocalTime, java.time.MonthDay, java.time.OffsetDateTime, java.time.OffsetTime, java.time.Period, java.time.Year, java.time.YearMonth, java.time.ZonedDateTime, java.time.ZoneId, java.time.ZoneOffset, java.util.ArrayList, java.util.Arrays$ArrayList, java.util.BitSet, java.util.Calendar, java.util.Collection, java.util.Currency, java.util.Date, java.util.GregorianCalendar, java.util.HashMap, java.util.HashSet, java.util.Hashtable, java.util.LinkedHashMap, java.util.LinkedHashSet, java.util.LinkedList, java.util.List, java.util.Locale, java.util.Map, java.util.Optional, java.util.PriorityQueue, java.util.Properties, java.util.Queue, java.util.Set, java.util.SortedMap, java.util.SortedSet, java.util.Stack, java.util.TimeZone, java.util.TreeMap, java.util.TreeSet, java.util.UUID, java.util.Vector, long, short
23:31:32,725 (main) DEBUG [DataNucleus.Persistence] - Inicializando TypeConverters ...
23:31:32,725 (main) DEBUG [DataNucleus.Persistence] - TypeConverters listo
23:31:32,726 (main) DEBUG [DataNucleus.Persistence] - TypeConverter(s) available for byte[] to : java.nio.ByteBuffer
23:31:32,726 (main) DEBUG [DataNucleus.Persistence] - TypeConverter(s) available for char[] to : java.nio.ByteBuffer
23:31:32,726 (main) DEBUG [DataNucleus.Persistence] - TypeConverter(s) available for double[] to : java.nio.ByteBuffer
23:31:32,726 (main) DEBUG [DataNucleus.Persistence] - TypeConverter(s) available for float[] to : java.nio.ByteBuffer
23:31:32,726 (main) DEBUG [DataNucleus.Persistence] - TypeConverter(s) available for int[] to : java.nio.ByteBuffer
23:31:32,726 (main) DEBUG [DataNucleus.Persistence] - TypeConverter(s) available for long[] to : java.nio.ByteBuffer
23:31:32,726 (main) DEBUG [DataNucleus.Persistence] - TypeConverter(s) available for [Ljava.math.BigDecimal; to : java.nio.ByteBuffer
23:31:32,726 (main) DEBUG [DataNucleus.Persistence] - TypeConverter(s) available for [Ljava.math.BigInteger; to : java.nio.ByteBuffer
23:31:32,726 (main) DEBUG [DataNucleus.Persistence] - TypeConverter(s) available for short[] to : java.nio.ByteBuffer
23:31:32,726 (main) DEBUG [DataNucleus.Persistence] - TypeConverter(s) available for boolean[] to : java.nio.ByteBuffer
23:31:32,726 (main) DEBUG [DataNucleus.Persistence] - TypeConverter(s) available for java.awt.Color to : java.lang.String,int[]
23:31:32,726 (main) DEBUG [DataNucleus.Persistence] - TypeConverter(s) available for java.awt.image.BufferedImage to : java.nio.ByteBuffer,byte[]
23:31:32,726 (main) DEBUG [DataNucleus.Persistence] - TypeConverter(s) available for java.io.Serializable to : java.lang.String,java.nio.ByteBuffer,byte[]
23:31:32,726 (main) DEBUG [DataNucleus.Persistence] - TypeConverter(s) available for java.lang.Boolean to : java.lang.Integer,java.lang.Character
23:31:32,726 (main) DEBUG [DataNucleus.Persistence] - TypeConverter(s) available for java.lang.Character to : java.lang.String
23:31:32,726 (main) DEBUG [DataNucleus.Persistence] - TypeConverter(s) available for java.lang.Class to : java.lang.String
23:31:32,726 (main) DEBUG [DataNucleus.Persistence] - TypeConverter(s) available for java.lang.Integer to : java.lang.String
23:31:32,726 (main) DEBUG [DataNucleus.Persistence] - TypeConverter(s) available for java.lang.Long to : java.lang.String
23:31:32,726 (main) DEBUG [DataNucleus.Persistence] - TypeConverter(s) available for java.lang.StringBuffer to : java.lang.String
23:31:32,726 (main) DEBUG [DataNucleus.Persistence] - TypeConverter(s) available for java.lang.StringBuilder to : java.lang.String
23:31:32,726 (main) DEBUG [DataNucleus.Persistence] - TypeConverter(s) available for java.math.BigDecimal to : java.lang.String,java.lang.Double
23:31:32,726 (main) DEBUG [DataNucleus.Persistence] - TypeConverter(s) available for java.math.BigInteger to : java.lang.Long,java.lang.String
23:31:32,726 (main) DEBUG [DataNucleus.Persistence] - TypeConverter(s) available for java.net.URI to : java.lang.String
23:31:32,726 (main) DEBUG [DataNucleus.Persistence] - TypeConverter(s) available for java.net.URL to : java.lang.String
23:31:32,726 (main) DEBUG [DataNucleus.Persistence] - TypeConverter(s) available for java.sql.Date to : java.lang.Long,java.lang.String,java.util.Date
23:31:32,726 (main) DEBUG [DataNucleus.Persistence] - TypeConverter(s) available for java.sql.Time to : java.lang.Long,java.lang.String,java.util.Date
23:31:32,726 (main) DEBUG [DataNucleus.Persistence] - TypeConverter(s) available for java.sql.Timestamp to : java.lang.Long,java.lang.String,java.util.Date
23:31:32,726 (main) DEBUG [DataNucleus.Persistence] - TypeConverter(s) available for java.time.Duration to : java.lang.Long,java.lang.String,java.lang.Double
23:31:32,726 (main) DEBUG [DataNucleus.Persistence] - TypeConverter(s) available for java.time.Instant to : java.sql.Timestamp,java.lang.Long,java.lang.String,java.util.Date
23:31:32,726 (main) DEBUG [DataNucleus.Persistence] - TypeConverter(s) available for java.time.LocalDate to : java.lang.String,java.sql.Date,java.util.Date
23:31:32,726 (main) DEBUG [DataNucleus.Persistence] - TypeConverter(s) available for java.time.LocalDateTime to : java.sql.Timestamp,java.lang.String,java.util.Date
23:31:32,726 (main) DEBUG [DataNucleus.Persistence] - TypeConverter(s) available for java.time.LocalTime to : java.lang.Long,java.lang.String,java.sql.Time,java.util.Date
23:31:32,726 (main) DEBUG [DataNucleus.Persistence] - TypeConverter(s) available for java.time.MonthDay to : java.lang.String,java.sql.Date,int[],java.util.Date
23:31:32,726 (main) DEBUG [DataNucleus.Persistence] - TypeConverter(s) available for java.time.OffsetDateTime to : java.sql.Timestamp,java.lang.String,java.util.Date
23:31:32,726 (main) DEBUG [DataNucleus.Persistence] - TypeConverter(s) available for java.time.OffsetTime to : java.lang.Long,java.lang.String,java.sql.Time
23:31:32,726 (main) DEBUG [DataNucleus.Persistence] - TypeConverter(s) available for java.time.Period to : java.lang.String,int[]
23:31:32,726 (main) DEBUG [DataNucleus.Persistence] - TypeConverter(s) available for java.time.Year to : java.lang.Integer,java.lang.String
23:31:32,726 (main) DEBUG [DataNucleus.Persistence] - TypeConverter(s) available for java.time.YearMonth to : java.lang.String,java.sql.Date,int[],java.util.Date
23:31:32,726 (main) DEBUG [DataNucleus.Persistence] - TypeConverter(s) available for java.time.ZonedDateTime to : java.sql.Timestamp,java.lang.String
23:31:32,726 (main) DEBUG [DataNucleus.Persistence] - TypeConverter(s) available for java.time.ZoneId to : java.lang.String
23:31:32,726 (main) DEBUG [DataNucleus.Persistence] - TypeConverter(s) available for java.time.ZoneOffset to : java.lang.String
23:31:32,727 (main) DEBUG [DataNucleus.Persistence] - TypeConverter(s) available for java.util.BitSet to : java.lang.String
23:31:32,727 (main) DEBUG [DataNucleus.Persistence] - TypeConverter(s) available for java.util.Calendar to : [Ljava.lang.Object;,java.sql.Timestamp,java.lang.String,java.util.Date
23:31:32,727 (main) DEBUG [DataNucleus.Persistence] - TypeConverter(s) available for java.util.Currency to : java.lang.String
23:31:32,727 (main) DEBUG [DataNucleus.Persistence] - TypeConverter(s) available for java.util.Date to : java.lang.Long,java.lang.String
23:31:32,727 (main) DEBUG [DataNucleus.Persistence] - TypeConverter(s) available for java.util.Locale to : java.lang.String
23:31:32,727 (main) DEBUG [DataNucleus.Persistence] - TypeConverter(s) available for java.util.TimeZone to : java.lang.String
23:31:32,727 (main) DEBUG [DataNucleus.Persistence] - TypeConverter(s) available for java.util.UUID to : java.lang.String
23:31:32,727 (main) DEBUG [DataNucleus.MetaData] - MetaDataManager : Input=(XML,Annotations), XML-Validation=false, XML-Suffices=(persistence=*.jdo, orm=orm, query=*.jdoquery) mapping-name=oracle, JDO-listener=false
23:31:32,727 (main) DEBUG [DataNucleus.MetaData] - MetaData Management : Carga de Metadata del persistence-unit "SuperAndes" ...
23:31:32,727 (main) DEBUG [DataNucleus.MetaData] - MetaData Management : Carga de Metadata ya ha terminado
23:31:32,727 (main) DEBUG [DataNucleus.Datastore] - Creating StoreManager for datastore
23:31:32,728 (main) DEBUG [DataNucleus.Connection] - Creado ConnectionPool "tx" con data source de tipo dbcp2-builtin
23:31:32,728 (main) DEBUG [DataNucleus.Connection] - Registrado la factoria de connecciones transaccionales bajo el nombre "rdbms/tx"
23:31:32,728 (main) DEBUG [DataNucleus.Connection] - Registrado la factoria de connecciones nontransaccionales bajo el nombre "rdbms/nontx"
23:31:32,729 (main) DEBUG [DataNucleus.Connection] - Creado ConnectionPool "nontx" con data source de tipo dbcp2-builtin
23:31:32,904 (main) DEBUG [DataNucleus.Connection] - ManagedConnection ABIERTO : "org.datanucleus.store.rdbms.ConnectionFactoryImpl$ManagedConnectionImpl@76012793 [conn=null, commitOnRelease=true, closeOnRelease=true, closeOnTxnEnd=true]" en resource "nontx"
23:31:32,970 (main) DEBUG [DataNucleus.Datastore] - No Soportando el tipo RDBMS de Java java.lang.Boolean, jdbc-type=BOOLEAN
23:31:32,970 (main) DEBUG [DataNucleus.Datastore] - Soporte de RDBMS configurado para el tipo "[B" con jdbc-types=[BLOB, VARBINARY, LONGVARBINARY], sql-types=[BLOB, VARBINARY, LONGVARBINARY] y defecto (jdbc-type=BLOB, sql-type=BLOB)
23:31:32,970 (main) DEBUG [DataNucleus.Datastore] - Soporte de RDBMS configurado para el tipo "java.io.File" con jdbc-types=[LONGVARBINARY], sql-types=[LONGVARBINARY] y defecto (jdbc-type=LONGVARBINARY, sql-type=LONGVARBINARY)
23:31:32,970 (main) DEBUG [DataNucleus.Datastore] - Soporte de RDBMS configurado para el tipo "java.io.Serializable" con jdbc-types=[BLOB, VARBINARY, LONGVARBINARY], sql-types=[BLOB, VARBINARY, LONGVARBINARY] y defecto (jdbc-type=BLOB, sql-type=BLOB)
23:31:32,971 (main) DEBUG [DataNucleus.Datastore] - Soporte de RDBMS configurado para el tipo "java.lang.Boolean" con jdbc-types=[NUMERIC, SMALLINT, CHAR, BIT, TINYINT], sql-types=[NUMERIC, SMALLINT, CHAR, BIT, TINYINT] y defecto (jdbc-type=NUMERIC, sql-type=NUMERIC)
23:31:32,971 (main) DEBUG [DataNucleus.Datastore] - Soporte de RDBMS configurado para el tipo "java.lang.Byte" con jdbc-types=[NUMERIC, SMALLINT, TINYINT], sql-types=[NUMERIC, SMALLINT, TINYINT] y defecto (jdbc-type=NUMERIC, sql-type=NUMERIC)
23:31:32,971 (main) DEBUG [DataNucleus.Datastore] - Soporte de RDBMS configurado para el tipo "java.lang.Character" con jdbc-types=[NUMERIC, CHAR, INTEGER], sql-types=[NUMERIC, CHAR, INTEGER] y defecto (jdbc-type=CHAR, sql-type=CHAR)
23:31:32,971 (main) DEBUG [DataNucleus.Datastore] - Soporte de RDBMS configurado para el tipo "java.lang.Double" con jdbc-types=[FLOAT, NUMERIC, DECIMAL, DOUBLE], sql-types=[FLOAT, NUMBER, DECIMAL, DOUBLE] y defecto (jdbc-type=FLOAT, sql-type=FLOAT)
23:31:32,971 (main) DEBUG [DataNucleus.Datastore] - Soporte de RDBMS configurado para el tipo "java.lang.Float" con jdbc-types=[FLOAT, NUMERIC, REAL, DECIMAL, DOUBLE], sql-types=[FLOAT, NUMBER, REAL, DECIMAL, DOUBLE] y defecto (jdbc-type=FLOAT, sql-type=FLOAT)
23:31:32,971 (main) DEBUG [DataNucleus.Datastore] - Soporte de RDBMS configurado para el tipo "java.lang.Integer" con jdbc-types=[NUMERIC, SMALLINT, BIGINT, TINYINT, INTEGER], sql-types=[NUMERIC, NUMBER, SMALLINT, BIGINT, TINYINT, INTEGER] y defecto (jdbc-type=NUMERIC, sql-type=NUMERIC)
23:31:32,971 (main) DEBUG [DataNucleus.Datastore] - Soporte de RDBMS configurado para el tipo "java.lang.Long" con jdbc-types=[NUMERIC, SMALLINT, BIGINT, TINYINT, INTEGER], sql-types=[NUMERIC, NUMBER, SMALLINT, BIGINT, INT, TINYINT] y defecto (jdbc-type=NUMERIC, sql-type=NUMERIC)
23:31:32,971 (main) DEBUG [DataNucleus.Datastore] - Soporte de RDBMS configurado para el tipo "java.lang.Short" con jdbc-types=[NUMERIC, SMALLINT, TINYINT, INTEGER], sql-types=[NUMERIC, NUMBER, SMALLINT, TINYINT, INTEGER] y defecto (jdbc-type=NUMERIC, sql-type=NUMERIC)
23:31:32,971 (main) DEBUG [DataNucleus.Datastore] - Soporte de RDBMS configurado para el tipo "java.lang.String" con jdbc-types=[XMLTYPE, BLOB, LONGVARCHAR, CLOB, VARCHAR, CHAR, BIGINT, NVARCHAR, NCHAR], sql-types=[NVARCHAR2, XMLTYPE, BLOB, LONGVARCHAR, CLOB, VARCHAR, CHAR, BIGINT, NVARCHAR, NCHAR] y defecto (jdbc-type=VARCHAR, sql-type=VARCHAR)
23:31:32,971 (main) DEBUG [DataNucleus.Datastore] - Soporte de RDBMS configurado para el tipo "java.math.BigDecimal" con jdbc-types=[NUMERIC, DECIMAL], sql-types=[NUMERIC, NUMBER, DECIMAL] y defecto (jdbc-type=NUMERIC, sql-type=NUMERIC)
23:31:32,971 (main) DEBUG [DataNucleus.Datastore] - Soporte de RDBMS configurado para el tipo "java.math.BigInteger" con jdbc-types=[NUMERIC], sql-types=[NUMERIC, NUMBER] y defecto (jdbc-type=NUMERIC, sql-type=NUMERIC)
23:31:32,971 (main) DEBUG [DataNucleus.Datastore] - Soporte de RDBMS configurado para el tipo "java.sql.Date" con jdbc-types=[DATE, TIMESTAMP, VARCHAR, CHAR, BIGINT], sql-types=[DATE, TIMESTAMP, VARCHAR, CHAR, BIGINT] y defecto (jdbc-type=DATE, sql-type=DATE)
23:31:32,971 (main) DEBUG [DataNucleus.Datastore] - Soporte de RDBMS configurado para el tipo "java.sql.Time" con jdbc-types=[TIMESTAMP, VARCHAR, CHAR, TIME, BIGINT], sql-types=[TIMESTAMP, VARCHAR, CHAR, TIME, BIGINT] y defecto (jdbc-type=TIME, sql-type=TIME)
23:31:32,971 (main) DEBUG [DataNucleus.Datastore] - Soporte de RDBMS configurado para el tipo "java.sql.Timestamp" con jdbc-types=[DATE, TIMESTAMP, VARCHAR, CHAR, TIME], sql-types=[DATE, TIMESTAMP, VARCHAR, CHAR, TIME] y defecto (jdbc-type=TIMESTAMP, sql-type=TIMESTAMP)
23:31:32,971 (main) DEBUG [DataNucleus.Datastore] - Soporte de RDBMS configurado para el tipo "java.util.Date" con jdbc-types=[DATE, TIMESTAMP, VARCHAR, CHAR, TIME, BIGINT], sql-types=[DATE, TIMESTAMP, VARCHAR, CHAR, TIME, BIGINT] y defecto (jdbc-type=TIMESTAMP, sql-type=TIMESTAMP)
23:31:32,971 (main) DEBUG [DataNucleus.Datastore] - Soporte de RDBMS configurado para el tipo "org.datanucleus.identity.DatastoreId" con jdbc-types=[NUMERIC, VARCHAR, CHAR, BIGINT, INTEGER], sql-types=[NUMERIC, VARCHAR, CHAR, BIGINT, INTEGER] y defecto (jdbc-type=NUMERIC, sql-type=NUMERIC)
23:31:32,984 (main) DEBUG [DataNucleus.Datastore] - ======================= Datastore =========================
23:31:32,984 (main) DEBUG [DataNucleus.Datastore] - StoreManager : "rdbms" (org.datanucleus.store.rdbms.RDBMSStoreManager)
23:31:32,984 (main) DEBUG [DataNucleus.Datastore] - Datastore : read-write
23:31:32,984 (main) DEBUG [DataNucleus.Datastore] - Schema Control : AutoCreate(None), Validate(None)
23:31:32,984 (main) DEBUG [DataNucleus.Datastore] - Schema : NamingFactory=datanucleus2 identifierCase=null
23:31:32,984 (main) DEBUG [DataNucleus.Datastore] - Query Languages : JDOQL, JPQL, STOREDPROC, SQL
23:31:32,984 (main) DEBUG [DataNucleus.Datastore] - Queries : Timeout=0
23:31:32,984 (main) DEBUG [DataNucleus.Datastore] - ===========================================================
23:31:32,984 (main) DEBUG [DataNucleus.Datastore] - Datastore Adapter : org.datanucleus.store.rdbms.adapter.OracleAdapter
23:31:32,984 (main) DEBUG [DataNucleus.Datastore] - Datastore : name="Oracle" version="Oracle Database 12c Enterprise Edition Release 12.1.0.2.0 - 64bit Production
With the Partitioning, OLAP, Advanced Analytics and Real Application Testing options"
23:31:32,984 (main) DEBUG [DataNucleus.Datastore] - Datastore Driver : name="Oracle JDBC driver" version="12.2.0.1.0"
23:31:32,984 (main) DEBUG [DataNucleus.Datastore] - Primary Connection Factory : URL[jdbc:oracle:thin:@fn3.oracle.virtual.uniandes.edu.co:1521:prod]
23:31:32,984 (main) DEBUG [DataNucleus.Datastore] - Secondary Connection Factory : URL[jdbc:oracle:thin:@fn3.oracle.virtual.uniandes.edu.co:1521:prod]
23:31:32,984 (main) DEBUG [DataNucleus.Datastore] - Datastore Identifiers : factory="datanucleus2" case=UPPERCASE schema=ISIS2304B021820
23:31:32,984 (main) DEBUG [DataNucleus.Datastore] - Supported Identifier Cases : "MixedCase" UPPERCASE "MixedCase-Sensitive" 
23:31:32,984 (main) DEBUG [DataNucleus.Datastore] - Supported Identifier Lengths (max) : Table=30 Column=30 Constraint=30 Index=30 Delimiter="
23:31:32,984 (main) DEBUG [DataNucleus.Datastore] - Support for Identifiers in DDL : catalog=false schema=true
23:31:32,984 (main) DEBUG [DataNucleus.Datastore] - Datastore : checkTableViewExistence, rdbmsConstraintCreateMode=DataNucleus, initialiseColumnInfo=ALL
23:31:32,984 (main) DEBUG [DataNucleus.Datastore] - Support Statement Batching : yes (max-batch-size=50)
23:31:32,984 (main) DEBUG [DataNucleus.Datastore] - Queries : Results direction=forward, type=forward-only, concurrency=read-only
23:31:32,984 (main) DEBUG [DataNucleus.Datastore] - Java-Types : string-default-length=255
23:31:32,985 (main) DEBUG [DataNucleus.Datastore] - JDBC-Types : NCLOB, NCHAR, [id=2007], REF, CLOB, BLOB, ARRAY, STRUCT, DATE, TIME, TIMESTAMP, VARCHAR, LONGVARCHAR, VARBINARY, LONGVARBINARY, BIGINT, TINYINT, BIT, NVARCHAR, [id=-101], CHAR, [id=-103], NUMERIC, [id=-102], DECIMAL, INTEGER, SMALLINT, FLOAT, REAL, DOUBLE, [id=-104]
23:31:32,985 (main) DEBUG [DataNucleus.Datastore] - ===========================================================
23:31:32,985 (main) DEBUG [DataNucleus.Connection] - ManagedConnection CERRADO : "org.datanucleus.store.rdbms.ConnectionFactoryImpl$ManagedConnectionImpl@76012793 [conn=org.datanucleus.store.rdbms.datasource.dbcp2.PoolingDataSource$PoolGuardConnectionWrapper@635572a7, commitOnRelease=true, closeOnRelease=true, closeOnTxnEnd=true]" 
23:31:32,985 (main) DEBUG [DataNucleus.Datastore] - StoreManager now created
23:31:32,985 (main) DEBUG [DataNucleus.Persistence] - Started pool of ExecutionContext (maxPool=20, reaperThread=false)
23:31:32,985 (main) DEBUG [DataNucleus.Persistence] - ================= NucleusContext ===============
23:31:32,985 (main) DEBUG [DataNucleus.Persistence] - DataNucleus Context : Versión: "5.1.10" con JRE "1.8.0_161" en "Windows 8.1"
23:31:32,985 (main) DEBUG [DataNucleus.Persistence] - Persistence API : JDO
23:31:32,985 (main) DEBUG [DataNucleus.Persistence] - Persistence-Unit : SuperAndes
23:31:32,985 (main) DEBUG [DataNucleus.Persistence] - Plugin Registry : org.datanucleus.plugin.NonManagedPluginRegistry
23:31:32,985 (main) DEBUG [DataNucleus.Persistence] - ClassLoading : default
23:31:32,985 (main) DEBUG [DataNucleus.Persistence] - Persistence : pm-singlethreaded, nontransactional-read, nontransactional-write, reachability-at-commit, copy-on-attach, managed-relations(checked), deletion-policy=JDO2, serverTimeZone=America/Bogota
23:31:32,985 (main) DEBUG [DataNucleus.Persistence] - Transactions : type=RESOURCE_LOCAL, mode=datastore, isolation=read-committed
23:31:32,985 (main) DEBUG [DataNucleus.Persistence] - ValueGeneration : txn-isolation=read-committed connection=New
23:31:32,985 (main) DEBUG [DataNucleus.Persistence] - Cache : Level1 (soft), Level2 (soft, mode=UNSPECIFIED), QueryResults (soft), Collections/Maps 
23:31:32,985 (main) DEBUG [DataNucleus.Persistence] - ================================================
23:31:32,986 (main) DEBUG [DataNucleus.Connection] - Cerrando ConnectionPool "tx"
23:31:32,986 (main) DEBUG [DataNucleus.Connection] - Cerrando ConnectionPool "nontx"
23:31:33,000 (main) DEBUG [DataNucleus.Persistence] - Desmanejando la persistencia de todas las clases
23:31:33,000 (main) DEBUG [DataNucleus.Cache] - Cache de nivel 2 vaciada.
